<?xml version="1.0" encoding="utf-8"?>
<TestRun id="64c61844-ed1e-4086-8634-cbdcccc114f6" name="@cursor 2025-07-06 10:57:02" xmlns="http://microsoft.com/schemas/VisualStudio/TeamTest/2010">
  <Times creation="2025-07-06T10:57:02.1607750+00:00" queuing="2025-07-06T10:57:02.1607751+00:00" start="2025-07-06T10:56:59.2706185+00:00" finish="2025-07-06T11:03:07.1704281+00:00" />
  <TestSettings name="default" id="055900fd-8741-447a-9730-da8acc8a0d21">
    <Deployment runDeploymentRoot="_cursor_2025-07-06_10_57_02" />
  </TestSettings>
  <Results>
    <UnitTestResult executionId="5b7fc267-9874-4d59-9dec-dd20ad1a4d8d" testId="a7f106a6-971d-51f4-63e6-c4daba67e711" testName="TC004_10_ExecuteQueryWithTestDataAsync_PerformanceBenchmark_MySQL" computerName="cursor" duration="00:00:00.0054852" startTime="2025-07-06T10:57:03.7403057+00:00" endTime="2025-07-06T10:57:03.7459182+00:00" testType="13cdc9d9-ddb5-4fa4-a97d-d965ccfc6d4b" outcome="Passed" testListId="8c84fa94-04c1-424b-9868-57a2d4851a1d" relativeResultsDirectory="5b7fc267-9874-4d59-9dec-dd20ad1a4d8d">
      <Output>
        <StdOut>[CentralizedLoggingManager] Initialized. Logs directory: /workspace/logs
[CentralizedLoggingManager] Config source: default
[EngineService] Centralized logs directory: /workspace/logs
Gemini API Key Available: False
=== PERFORMANCE BENCHMARK: ExecuteQueryWithTestDataAsync ===
Target: Generate 10 records
Performance Threshold: &lt; 30 seconds
[EngineService] Starting execution for MySQL
[EngineService] Analyzing query: 844 chars
[SqlMetadataService] Extracting tables from query: 844 chars
[SqlMetadataService] Clean SQL: 
            SELECT u.id, u.username, u.first_name, u.last_name, u.email, u.salary,
                   c.name, c.code, c.address,
                   r.name as role_name, r.code as role_code, r.level,
...
[SqlMetadataService] Pattern '\bFROM\s+(?:(?:\w+\.)?(\w+)|\[([^\]]+)\]|`([^`]+)`)(?:\s+(?:AS\s+)?(\w+))?' found 1 matches
[SqlMetadataService] Match: 'FROM users u'
[SqlMetadataService] Found table: users
[SqlMetadataService] Pattern '\b(?:INNER\s+|LEFT\s+|RIGHT\s+|FULL\s+|OUTER\s+)?JOIN\s+(?:(?:\w+\.)?(\w+)|\[([^\]]+)\]|`([^`]+)`)(?:\s+(?:AS\s+)?(\w+))?' found 3 matches
[SqlMetadataService] Match: 'INNER JOIN companies c'
[SqlMetadataService] Found table: companies
[SqlMetadataService] Match: 'INNER JOIN user_roles ur'
[SqlMetadataService] Found table: user_roles
[SqlMetadataService] Match: 'INNER JOIN roles r'
[SqlMetadataService] Found table: roles
[SqlMetadataService] Pattern '\bINTO\s+(?:(?:\w+\.)?(\w+)|\[([^\]]+)\]|`([^`]+)`)' found 0 matches
[SqlMetadataService] Pattern '\bUPDATE\s+(?:(?:\w+\.)?(\w+)|\[([^\]]+)\]|`([^`]+)`)' found 0 matches
[SqlMetadataService] Pattern '\bINSERT\s+INTO\s+(?:(?:\w+\.)?(\w+)|\[([^\]]+)\]|`([^`]+)`)' found 0 matches
[SqlMetadataService] Total tables extracted: 4 - users, companies, user_roles, roles
[EngineService] Metadata extraction failed: Unable to connect to any of the specified MySQL hosts.
[EngineService] Execution failed: Không thể phân tích database schema: Unable to connect to any of the specified MySQL hosts.
[EngineService] Exception type: InvalidOperationException
[EngineService] Inner exception: Unable to connect to any of the specified MySQL hosts.

=== PERFORMANCE RESULTS ===
Total Time: 0.00 seconds
Success: False
Generated Records: 0
Engine Execution Time: 1ms
Benchmark failed (expected without real MySQL): Không thể phân tích database schema: Unable to connect to any of the specified MySQL hosts.
❌ Performance test FAILED due to connection - failure time is acceptable</StdOut>
      </Output>
    </UnitTestResult>
    <UnitTestResult executionId="22dc2c15-f3ef-4ee7-a7e3-b42f224716ca" testId="f78d7304-2501-8055-abba-3ae1d4828eb2" testName="TestApiUsageStatistics" computerName="cursor" duration="00:00:00.0009791" startTime="2025-07-06T10:57:03.6130340+00:00" endTime="2025-07-06T10:57:03.6142467+00:00" testType="13cdc9d9-ddb5-4fa4-a97d-d965ccfc6d4b" outcome="Failed" testListId="8c84fa94-04c1-424b-9868-57a2d4851a1d" relativeResultsDirectory="22dc2c15-f3ef-4ee7-a7e3-b42f224716ca">
      <Output>
        <ErrorInfo>
          <Message>Assert.AreEqual failed. Expected:&lt;0&gt;. Actual:&lt;1&gt;. </Message>
          <StackTrace>   at SqlTestDataGenerator.Tests.DailyApiLimitTests.TestApiUsageStatistics() in /workspace/SqlTestDataGenerator.Tests/DailyApiLimitTests.cs:line 46
   at System.RuntimeMethodHandle.InvokeMethod(Object target, Void** arguments, Signature sig, Boolean isConstructor)
   at System.Reflection.MethodBaseInvoker.InvokeWithNoArgs(Object obj, BindingFlags invokeAttr)
</StackTrace>
        </ErrorInfo>
      </Output>
    </UnitTestResult>
    <UnitTestResult executionId="6e9fa53d-6685-40a6-960d-00e37580f819" testId="19d4536f-6566-dad7-6064-df8ecbe782f7" testName="ParseQuery_YearFunction_ShouldExtractDateCondition" computerName="cursor" duration="00:00:00.0004903" startTime="2025-07-06T11:03:06.5217373+00:00" endTime="2025-07-06T11:03:06.5222611+00:00" testType="13cdc9d9-ddb5-4fa4-a97d-d965ccfc6d4b" outcome="Passed" testListId="8c84fa94-04c1-424b-9868-57a2d4851a1d" relativeResultsDirectory="6e9fa53d-6685-40a6-960d-00e37580f819">
      <Output>
        <StdOut>[SqlMetadataService] Extracting tables from query: 52 chars
[SqlMetadataService] Clean SQL: SELECT * FROM users WHERE YEAR(date_of_birth) = 1989...
[SqlMetadataService] Pattern '\bFROM\s+(?:(?:\w+\.)?(\w+)|\[([^\]]+)\]|`([^`]+)`)(?:\s+(?:AS\s+)?(\w+))?' found 1 matches
[SqlMetadataService] Match: 'FROM users WHERE'
[SqlMetadataService] Found table: users
[SqlMetadataService] Pattern '\b(?:INNER\s+|LEFT\s+|RIGHT\s+|FULL\s+|OUTER\s+)?JOIN\s+(?:(?:\w+\.)?(\w+)|\[([^\]]+)\]|`([^`]+)`)(?:\s+(?:AS\s+)?(\w+))?' found 0 matches
[SqlMetadataService] Pattern '\bINTO\s+(?:(?:\w+\.)?(\w+)|\[([^\]]+)\]|`([^`]+)`)' found 0 matches
[SqlMetadataService] Pattern '\bUPDATE\s+(?:(?:\w+\.)?(\w+)|\[([^\]]+)\]|`([^`]+)`)' found 0 matches
[SqlMetadataService] Pattern '\bINSERT\s+INTO\s+(?:(?:\w+\.)?(\w+)|\[([^\]]+)\]|`([^`]+)`)' found 0 matches
[SqlMetadataService] Total tables extracted: 1 - users
JOIN Debug: Clean query = 'SELECT * FROM users WHERE YEAR(date_of_birth) = 1989'
JOIN Debug: Pattern = '(?:INNER\s+|LEFT\s+|RIGHT\s+|FULL\s+|OUTER\s+)?JOIN\s+(\w+)\s+(\w+)\s+ON\s+([^()]+?)(?=\s+(?:INNER|LEFT|RIGHT|FULL|OUTER|WHERE|ORDER|GROUP|LIMIT|$)|$)'
JOIN Debug: Found 0 JOIN matches</StdOut>
      </Output>
    </UnitTestResult>
    <UnitTestResult executionId="28ee0563-d9ea-4950-852b-266aa602d328" testId="9a6daf30-33f8-a7b2-ec97-a643f5b8ceae" testName="GenerateBogusData_ComplexSchema_ShouldCreateValidInserts" computerName="cursor" duration="00:00:00.0051183" startTime="2025-07-06T10:57:02.0945394+00:00" endTime="2025-07-06T10:57:02.0997628+00:00" testType="13cdc9d9-ddb5-4fa4-a97d-d965ccfc6d4b" outcome="Passed" testListId="8c84fa94-04c1-424b-9868-57a2d4851a1d" relativeResultsDirectory="28ee0563-d9ea-4950-852b-266aa602d328">
      <Output>
        <StdOut>[DEBUG] Table companies has 6 columns:
[DEBUG] Column: id, IsIdentity: True, IsGenerated: False, DefaultValue: ''
[DEBUG] Column: name, IsIdentity: False, IsGenerated: False, DefaultValue: ''
[DEBUG] Column: code, IsIdentity: False, IsGenerated: False, DefaultValue: ''
[DEBUG] Column: address, IsIdentity: False, IsGenerated: False, DefaultValue: ''
[DEBUG] Column: status, IsIdentity: False, IsGenerated: False, DefaultValue: ''
[DEBUG] Column: created_at, IsIdentity: False, IsGenerated: False, DefaultValue: ''
[DEBUG-T021] Filtered columns for companies: 5 columns (from 6 total)
[DEBUG-T021] Excluded columns: id(Identity:True,Generated:False)
[DEBUG-T021] Included columns: name, code, address, status, created_at
[DEBUG-T021] Generated SQL for companies: INSERT INTO `companies` (`name`, `code`, `address`, `status`, `created_at`) VALUES ('Raphaelle Blick', 'CODE_84901_001', '8500 Karlee Inlet', 'Inactive', '2024-08-10 20:18:13');
[DEBUG-T021] Generated SQL for companies: INSERT INTO `companies` (`name`, `code`, `address`, `status`, `created_at`) VALUES ('Daniela Wolff', 'CODE_86894_002', '25379 Kadin Village', 'Completed', '2025-01-06 00:20:57');
[DEBUG] Table roles has 6 columns:
[DEBUG] Column: id, IsIdentity: True, IsGenerated: False, DefaultValue: ''
[DEBUG] Column: name, IsIdentity: False, IsGenerated: False, DefaultValue: ''
[DEBUG] Column: code, IsIdentity: False, IsGenerated: False, DefaultValue: ''
[DEBUG] Column: level, IsIdentity: False, IsGenerated: False, DefaultValue: ''
[DEBUG] Column: description, IsIdentity: False, IsGenerated: False, DefaultValue: ''
[DEBUG] Column: created_at, IsIdentity: False, IsGenerated: False, DefaultValue: ''
[DEBUG-T021] Filtered columns for roles: 5 columns (from 6 total)
[DEBUG-T021] Excluded columns: id(Identity:True,Generated:False)
[DEBUG-T021] Included columns: name, code, level, description, created_at
[DEBUG-T021] Generated SQL for roles: INSERT INTO `roles` (`name`, `code`, `level`, `description`, `created_at`) VALUES ('Gideon Frami', 'CODE_88268_001', 10, 'Quia voluptates quis.', '2024-09-01 09:42:25');
[DEBUG-T021] Generated SQL for roles: INSERT INTO `roles` (`name`, `code`, `level`, `description`, `created_at`) VALUES ('Major Feeney', 'CODE_89007_002', 10, 'Aut earum sint.', '2024-08-17 08:07:12');
[DEBUG] Table users has 12 columns:
[DEBUG] Column: id, IsIdentity: True, IsGenerated: False, DefaultValue: ''
[DEBUG] Column: username, IsIdentity: False, IsGenerated: False, DefaultValue: ''
[DEBUG] Column: first_name, IsIdentity: False, IsGenerated: False, DefaultValue: ''
[DEBUG] Column: last_name, IsIdentity: False, IsGenerated: False, DefaultValue: ''
[DEBUG] Column: email, IsIdentity: False, IsGenerated: False, DefaultValue: ''
[DEBUG] Column: date_of_birth, IsIdentity: False, IsGenerated: False, DefaultValue: ''
[DEBUG] Column: salary, IsIdentity: False, IsGenerated: False, DefaultValue: ''
[DEBUG] Column: department, IsIdentity: False, IsGenerated: False, DefaultValue: ''
[DEBUG] Column: hire_date, IsIdentity: False, IsGenerated: False, DefaultValue: ''
[DEBUG] Column: company_id, IsIdentity: False, IsGenerated: False, DefaultValue: ''
[DEBUG] Column: is_active, IsIdentity: False, IsGenerated: False, DefaultValue: ''
[DEBUG] Column: created_at, IsIdentity: False, IsGenerated: False, DefaultValue: ''
[DEBUG-T021] Filtered columns for users: 11 columns (from 12 total)
[DEBUG-T021] Excluded columns: id(Identity:True,Generated:False)
[DEBUG-T021] Included columns: username, first_name, last_name, email, date_of_birth, salary, department, hire_date, company_id, is_active, created_at
[DEBUG] Boolean column detected: is_active (bit) -&gt; generating boolean
[DEBUG-T021] Generated SQL for users: INSERT INTO `users` (`username`, `first_name`, `last_name`, `email`, `date_of_birth`, `salary`, `department`, `hire_date`, `company_id`, `is_active`, `created_at`) VALUES ('Idella_Wiegand25', 'Unique', 'Crooks', 'Madisyn_Medhurst@hotmail.com', '1962-04-18', 198891.22, 'Jewelery, Garden &amp; Tools', '2022-12-07 19:03:57', 2, 1, '2025-04-12 02:24:57');
[DEBUG] Boolean column detected: is_active (bit) -&gt; generating boolean
[DEBUG-T021] Generated SQL for users: INSERT INTO `users` (`username`, `first_name`, `last_name`, `email`, `date_of_birth`, `salary`, `department`, `hire_date`, `company_id`, `is_active`, `created_at`) VALUES ('Valerie12', 'Leif', 'Gutkowski', 'Waino95@yahoo.com', '2002-10-26', 161935.29, 'Jewelery', '2025-05-30 01:02:39', 1, 1, '2024-12-03 17:23:27');
[DEBUG] Table user_roles has 6 columns:
[DEBUG] Column: user_id, IsIdentity: False, IsGenerated: False, DefaultValue: ''
[DEBUG] Column: role_id, IsIdentity: False, IsGenerated: False, DefaultValue: ''
[DEBUG] Column: assigned_by, IsIdentity: False, IsGenerated: False, DefaultValue: ''
[DEBUG] Column: assigned_at, IsIdentity: False, IsGenerated: False, DefaultValue: ''
[DEBUG] Column: expires_at, IsIdentity: False, IsGenerated: False, DefaultValue: ''
[DEBUG] Column: is_active, IsIdentity: False, IsGenerated: False, DefaultValue: ''
[DEBUG-T021] Filtered columns for user_roles: 6 columns (from 6 total)
[DEBUG-T021] Excluded columns: 
[DEBUG-T021] Included columns: user_id, role_id, assigned_by, assigned_at, expires_at, is_active
[DATE-FALLBACK] user_roles.expires_at: Generated 2025-08-03 07:33:26 (within 60 days default)
[DEBUG] Boolean column detected: is_active (bit) -&gt; generating boolean
[DEBUG] Generated SQL for user_roles: INSERT INTO `user_roles` (`user_id`, `role_id`, `assigned_by`, `assigned_at`, `expires_at`, `is_active`) VALUES (2, 2, 1, '2025-04-20 05:33:20', '2025-08-03 07:33:26', 0);
[DATE-FALLBACK] user_roles.expires_at: Generated 2025-07-09 22:52:47 (within 60 days default)
[DEBUG] Boolean column detected: is_active (bit) -&gt; generating boolean
[DEBUG] Generated SQL for user_roles: INSERT INTO `user_roles` (`user_id`, `role_id`, `assigned_by`, `assigned_at`, `expires_at`, `is_active`) VALUES (1, 1, 2, '2024-07-26 21:45:18', '2025-07-09 22:52:47', 1);
Generated statements for tables: companies, roles, users, user_roles

=== COMPANIES (2 statements) ===
Sample: INSERT INTO `companies` (`name`, `code`, `address`, `status`, `created_at`) VALUES ('Raphaelle Blick', 'CODE_84901_001', '8500 Karlee Inlet', 'Inactive', '2024-08-10 20:18:13');

=== ROLES (2 statements) ===
Sample: INSERT INTO `roles` (`name`, `code`, `level`, `description`, `created_at`) VALUES ('Gideon Frami', 'CODE_88268_001', 10, 'Quia voluptates quis.', '2024-09-01 09:42:25');

=== USERS (2 statements) ===
Sample: INSERT INTO `users` (`username`, `first_name`, `last_name`, `email`, `date_of_birth`, `salary`, `department`, `hire_date`, `company_id`, `is_active`, `created_at`) VALUES ('Idella_Wiegand25', 'Unique', 'Crooks', 'Madisyn_Medhurst@hotmail.com', '1962-04-18', 198891.22, 'Jewelery, Garden &amp; Tools', '2022-12-07 19:03:57', 2, 1, '2025-04-12 02:24:57');

=== USER_ROLES (2 statements) ===
Sample: INSERT INTO `user_roles` (`user_id`, `role_id`, `assigned_by`, `assigned_at`, `expires_at`, `is_active`) VALUES (2, 2, 1, '2025-04-20 05:33:20', '2025-08-03 07:33:26', 0);</StdOut>
      </Output>
    </UnitTestResult>
    <UnitTestResult executionId="8a9ee7b3-15ab-474d-8d23-8b7e366801ba" testId="fe2ba93f-5cee-b7ee-2351-438a93efe0da" testName="ExecuteQueryWithTestDataAsync_ComplexSQL_ShouldAnalyzeTablesCorrectly" computerName="cursor" duration="00:00:00.0077028" startTime="2025-07-06T10:57:02.1743898+00:00" endTime="2025-07-06T10:57:02.1822235+00:00" testType="13cdc9d9-ddb5-4fa4-a97d-d965ccfc6d4b" outcome="Passed" testListId="8c84fa94-04c1-424b-9868-57a2d4851a1d" relativeResultsDirectory="8a9ee7b3-15ab-474d-8d23-8b7e366801ba">
      <Output>
        <StdOut>[CentralizedLoggingManager] Initialized. Logs directory: /workspace/logs
[CentralizedLoggingManager] Config source: default
[EngineService] Centralized logs directory: /workspace/logs
[EngineService] Starting execution for MySQL
[EngineService] Analyzing query: 864 chars
[SqlMetadataService] Extracting tables from query: 864 chars
[SqlMetadataService] Clean SQL: 
            SELECT u.id, u.first_name, u.last_name, u.email,
                   c.name as company_name, c.code as company_code,
                   r.name as role_name, r.code as role_code,
          ...
[SqlMetadataService] Pattern '\bFROM\s+(?:(?:\w+\.)?(\w+)|\[([^\]]+)\]|`([^`]+)`)(?:\s+(?:AS\s+)?(\w+))?' found 1 matches
[SqlMetadataService] Match: 'FROM users u'
[SqlMetadataService] Found table: users
[SqlMetadataService] Pattern '\b(?:INNER\s+|LEFT\s+|RIGHT\s+|FULL\s+|OUTER\s+)?JOIN\s+(?:(?:\w+\.)?(\w+)|\[([^\]]+)\]|`([^`]+)`)(?:\s+(?:AS\s+)?(\w+))?' found 3 matches
[SqlMetadataService] Match: 'INNER JOIN companies c'
[SqlMetadataService] Found table: companies
[SqlMetadataService] Match: 'INNER JOIN user_roles ur'
[SqlMetadataService] Found table: user_roles
[SqlMetadataService] Match: 'INNER JOIN roles r'
[SqlMetadataService] Found table: roles
[SqlMetadataService] Pattern '\bINTO\s+(?:(?:\w+\.)?(\w+)|\[([^\]]+)\]|`([^`]+)`)' found 0 matches
[SqlMetadataService] Pattern '\bUPDATE\s+(?:(?:\w+\.)?(\w+)|\[([^\]]+)\]|`([^`]+)`)' found 0 matches
[SqlMetadataService] Pattern '\bINSERT\s+INTO\s+(?:(?:\w+\.)?(\w+)|\[([^\]]+)\]|`([^`]+)`)' found 0 matches
[SqlMetadataService] Total tables extracted: 4 - users, companies, user_roles, roles
[EngineService] Metadata extraction failed: Unable to connect to any of the specified MySQL hosts.
[EngineService] Execution failed: Không thể phân tích database schema: Unable to connect to any of the specified MySQL hosts.
[EngineService] Exception type: InvalidOperationException
[EngineService] Inner exception: Unable to connect to any of the specified MySQL hosts.
Expected failure due to connection: Không thể phân tích database schema: Unable to connect to any of the specified MySQL hosts.
✅ Complex SQL table analysis validation completed</StdOut>
      </Output>
    </UnitTestResult>
    <UnitTestResult executionId="a7e67a03-107c-451a-b3af-10d226996bc9" testId="b5bfaf3f-f554-a3c7-5b59-e536fcbe0296" testName="TestConstraintExtractorInitialization" computerName="cursor" duration="00:00:00.0007047" startTime="2025-07-06T10:57:01.8343363+00:00" endTime="2025-07-06T10:57:01.8352732+00:00" testType="13cdc9d9-ddb5-4fa4-a97d-d965ccfc6d4b" outcome="Passed" testListId="8c84fa94-04c1-424b-9868-57a2d4851a1d" relativeResultsDirectory="a7e67a03-107c-451a-b3af-10d226996bc9">
      <Output>
        <StdOut>Testing ConstraintExtractorService initialization
✅ ConstraintExtractorService initialized successfully</StdOut>
      </Output>
    </UnitTestResult>
    <UnitTestResult executionId="7500fbfb-9140-41a1-97fc-85f37ea8b50c" testId="ad7885a9-7dd6-4c0c-215c-14429f005ad5" testName="Debug_ConfigReading" computerName="cursor" duration="00:00:00.0017753" startTime="2025-07-06T10:57:03.5958361+00:00" endTime="2025-07-06T10:57:03.5977390+00:00" testType="13cdc9d9-ddb5-4fa4-a97d-d965ccfc6d4b" outcome="Passed" testListId="8c84fa94-04c1-424b-9868-57a2d4851a1d" relativeResultsDirectory="7500fbfb-9140-41a1-97fc-85f37ea8b50c">
      <Output>
        <StdOut>[DEBUG] GetApiKey() method called
[DEBUG] ConfigurationManager result: '' (length: 0)
[DEBUG] Environment variable result: '' (length: 0)
[DEBUG] Using HARDCODED API key for testing
[DEBUG] Gemini API Key configured: True
[DEBUG] API Key length: 39
[DEBUG] API Key preview: AIzaSyCsOz...
[DEBUG] ConfigurationManager.AppSettings: '' (Length: 0)
[DEBUG] Environment Variable: '' (Length: 0)
[DEBUG] Config file exists at '/workspace/SqlTestDataGenerator.Tests/bin/Debug/net8.0/app.config': True
[DEBUG] Config content preview: &lt;?xml version="1.0" encoding="utf-8"?&gt;
&lt;configuration&gt;
  &lt;appSettings&gt;
    &lt;!-- Gemini AI API Configuration --&gt;
    &lt;!-- Get your API key from: https://makersuite.google.com/app/apikey --&gt;
    &lt;add ke...
[DEBUG] Alt config file exists at '/workspace/SqlTestDataGenerator.Tests/bin/Debug/net8.0/SqlTestDataGenerator.Tests.dll.config': True
[DEBUG] Alt config content preview: &lt;?xml version="1.0" encoding="utf-8"?&gt;
&lt;configuration&gt;
  &lt;appSettings&gt;
    &lt;!-- Gemini AI API Configuration --&gt;
    &lt;!-- Get your API key from: https://makersuite.google.com/app/apikey --&gt;
    &lt;add ke...</StdOut>
      </Output>
    </UnitTestResult>
    <UnitTestResult executionId="8071cf55-dc20-40be-9369-3a6546baf0f5" testId="d59fb9e6-9639-6c3f-f09c-7e47437eb8dd" testName="ExtractAllConstraints_WithEmptyQuery_ShouldReturnEmptyConstraints" computerName="cursor" duration="00:00:00.0008024" startTime="2025-07-06T10:57:02.2931688+00:00" endTime="2025-07-06T10:57:02.2940671+00:00" testType="13cdc9d9-ddb5-4fa4-a97d-d965ccfc6d4b" outcome="Passed" testListId="8c84fa94-04c1-424b-9868-57a2d4851a1d" relativeResultsDirectory="8071cf55-dc20-40be-9369-3a6546baf0f5">
      <Output>
        <StdOut>[10:57:02 INF] Extracting comprehensive constraints from SQL query
[10:57:02 INF] Starting EXISTS constraints extraction with two-phase approach
[10:57:02 INF] Completed EXISTS constraints extraction: 0 NOT EXISTS, 0 EXISTS
[10:57:02 INF] Extracted 0 total constraints: 0 WHERE, 0 JOIN, 0 LIKE, 0 IN, 0 BETWEEN, 0 NULL, 0 EXISTS</StdOut>
      </Output>
    </UnitTestResult>
    <UnitTestResult executionId="f9d57624-de19-438d-8a2c-ed0786013063" testId="aad2f952-d9f7-c03e-94f4-c9ad3d450082" testName="ExecuteQueryWithTestDataAsync_PerformanceWithStrictCount_MustMatch" computerName="cursor" duration="00:00:00.0050917" startTime="2025-07-06T11:03:06.4477635+00:00" endTime="2025-07-06T11:03:06.4529224+00:00" testType="13cdc9d9-ddb5-4fa4-a97d-d965ccfc6d4b" outcome="Failed" testListId="8c84fa94-04c1-424b-9868-57a2d4851a1d" relativeResultsDirectory="f9d57624-de19-438d-8a2c-ed0786013063">
      <Output>
        <StdOut>[CentralizedLoggingManager] Initialized. Logs directory: /workspace/logs
[CentralizedLoggingManager] Config source: default
[EngineService] Centralized logs directory: /workspace/logs
=== STRICT PERFORMANCE TEST: Expected Records = 50 ===
[EngineService] Starting execution for MySQL
[EngineService] Analyzing query: 420 chars
[SqlMetadataService] Extracting tables from query: 420 chars
[SqlMetadataService] Clean SQL: 
            SELECT u.id, u.username, u.first_name, u.last_name, u.email,
                   c.name as company_name, c.code as company_code,
                   r.name as role_name, r.level
           ...
[SqlMetadataService] Pattern '\bFROM\s+(?:(?:\w+\.)?(\w+)|\[([^\]]+)\]|`([^`]+)`)(?:\s+(?:AS\s+)?(\w+))?' found 1 matches
[SqlMetadataService] Match: 'FROM users u'
[SqlMetadataService] Found table: users
[SqlMetadataService] Pattern '\b(?:INNER\s+|LEFT\s+|RIGHT\s+|FULL\s+|OUTER\s+)?JOIN\s+(?:(?:\w+\.)?(\w+)|\[([^\]]+)\]|`([^`]+)`)(?:\s+(?:AS\s+)?(\w+))?' found 3 matches
[SqlMetadataService] Match: 'INNER JOIN companies c'
[SqlMetadataService] Found table: companies
[SqlMetadataService] Match: 'INNER JOIN user_roles ur'
[SqlMetadataService] Found table: user_roles
[SqlMetadataService] Match: 'INNER JOIN roles r'
[SqlMetadataService] Found table: roles
[SqlMetadataService] Pattern '\bINTO\s+(?:(?:\w+\.)?(\w+)|\[([^\]]+)\]|`([^`]+)`)' found 0 matches
[SqlMetadataService] Pattern '\bUPDATE\s+(?:(?:\w+\.)?(\w+)|\[([^\]]+)\]|`([^`]+)`)' found 0 matches
[SqlMetadataService] Pattern '\bINSERT\s+INTO\s+(?:(?:\w+\.)?(\w+)|\[([^\]]+)\]|`([^`]+)`)' found 0 matches
[SqlMetadataService] Total tables extracted: 4 - users, companies, user_roles, roles
[EngineService] Metadata extraction failed: Unable to connect to any of the specified MySQL hosts.
[EngineService] Execution failed: Không thể phân tích database schema: Unable to connect to any of the specified MySQL hosts.
[EngineService] Exception type: InvalidOperationException
[EngineService] Inner exception: Unable to connect to any of the specified MySQL hosts.
Success: False
Generated Records: 0
Expected Records: 50
Execution Time: 0.00 seconds
Rate: 0.0 records/sec</StdOut>
        <ErrorInfo>
          <Message>Assert.Fail failed. Performance test FAILED: Không thể phân tích database schema: Unable to connect to any of the specified MySQL hosts.</Message>
          <StackTrace>   at SqlTestDataGenerator.Tests.RecordCountStrictVerificationTests.ExecuteQueryWithTestDataAsync_PerformanceWithStrictCount_MustMatch() in /workspace/SqlTestDataGenerator.Tests/RecordCountStrictVerificationTests.cs:line 204
</StackTrace>
        </ErrorInfo>
      </Output>
    </UnitTestResult>
    <UnitTestResult executionId="30d4a325-3655-413c-a686-255908b82f89" testId="40ff5d80-f68a-7ba8-c0f1-893d478cb72e" testName="Test_RegenerationPerformance_AcceptableTimeFrame" computerName="cursor" duration="00:00:00.0009866" startTime="2025-07-06T10:57:03.5864794+00:00" endTime="2025-07-06T10:57:03.5875877+00:00" testType="13cdc9d9-ddb5-4fa4-a97d-d965ccfc6d4b" outcome="Passed" testListId="8c84fa94-04c1-424b-9868-57a2d4851a1d" relativeResultsDirectory="30d4a325-3655-413c-a686-255908b82f89">
      <Output>
        <StdOut>[DEBUG] GetApiKey() method called
[DEBUG] ConfigurationManager result: '' (length: 0)
[DEBUG] Environment variable result: '' (length: 0)
[DEBUG] Using HARDCODED API key for testing
[DEBUG] Gemini API Key configured: True
[DEBUG] API Key length: 39
[DEBUG] API Key preview: AIzaSyCsOz...
Generation Time: 0.00 seconds
Generated Records: 3
Time per Record: 0.00 seconds
Generated Email: Test_@vnext.com
Generated Email: Test_@vnext.com
Generated Email: Test_@vnext.com</StdOut>
      </Output>
    </UnitTestResult>
    <UnitTestResult executionId="b92c90f9-96e0-4461-8411-1dae10c6ef81" testId="703fd9c0-da25-fce0-1fc5-49f590616917" testName="AddRecentConnection_WithEmptyString_ShouldNotAdd" computerName="cursor" duration="00:00:00.0003544" startTime="2025-07-06T10:57:02.3625938+00:00" endTime="2025-07-06T10:57:02.3630267+00:00" testType="13cdc9d9-ddb5-4fa4-a97d-d965ccfc6d4b" outcome="Passed" testListId="8c84fa94-04c1-424b-9868-57a2d4851a1d" relativeResultsDirectory="b92c90f9-96e0-4461-8411-1dae10c6ef81" />
    <UnitTestResult executionId="e86b05aa-a508-45c0-9d9f-5b2f0621482b" testId="2d8e95fd-0ee0-3a36-d2f6-a6936de5aea0" testName="ExtractTablesFromQuery_EmptySQL_ShouldReturnEmptyList" computerName="cursor" duration="00:00:00.0000936" startTime="2025-07-06T10:57:02.1988462+00:00" endTime="2025-07-06T10:57:02.1990218+00:00" testType="13cdc9d9-ddb5-4fa4-a97d-d965ccfc6d4b" outcome="Passed" testListId="8c84fa94-04c1-424b-9868-57a2d4851a1d" relativeResultsDirectory="e86b05aa-a508-45c0-9d9f-5b2f0621482b">
      <Output>
        <StdOut>[SqlMetadataService] Extracting tables from query: 0 chars
[SqlMetadataService] SQL query is null or empty</StdOut>
      </Output>
    </UnitTestResult>
    <UnitTestResult executionId="317f4df7-f8ce-499d-8fa4-c1d2ae6d4b33" testId="b2d44d35-af78-e80c-973a-cc11463c0ff3" testName="ExtractLikePatterns_WithVariousPatterns_ShouldExtractCorrectly" computerName="cursor" duration="00:00:00.0016336" startTime="2025-07-06T10:57:02.2421412+00:00" endTime="2025-07-06T10:57:02.2438652+00:00" testType="13cdc9d9-ddb5-4fa4-a97d-d965ccfc6d4b" outcome="Passed" testListId="8c84fa94-04c1-424b-9868-57a2d4851a1d" relativeResultsDirectory="317f4df7-f8ce-499d-8fa4-c1d2ae6d4b33">
      <Output>
        <StdOut>[10:57:02 INF] Extracting comprehensive constraints from SQL query
[10:57:02 INF] Found WHERE clause: u.email LIKE '%@company.com' AND u.name LIKE 'John%' AND u.username LIKE '%admin%'
[10:57:02 INF] Found LIKE pattern with alias: u.email LIKE '%@company.com' (requires: '@company.com')
[10:57:02 INF] Found LIKE pattern with alias: u.name LIKE 'John%' (requires: 'John')
[10:57:02 INF] Found LIKE pattern with alias: u.username LIKE '%admin%' (requires: 'admin')
[10:57:02 INF] Starting EXISTS constraints extraction with two-phase approach
[10:57:02 INF] Completed EXISTS constraints extraction: 0 NOT EXISTS, 0 EXISTS
[10:57:02 INF] Extracted 3 total constraints: 0 WHERE, 0 JOIN, 3 LIKE, 0 IN, 0 BETWEEN, 0 NULL, 0 EXISTS</StdOut>
      </Output>
    </UnitTestResult>
    <UnitTestResult executionId="7f00df27-c627-4e9c-980c-f8b400bb0c7f" testId="4a6ad4dd-b680-702f-6923-b349b5729e8a" testName="LogWithNullParameters_ShouldNotThrow" computerName="cursor" duration="00:00:00.0004173" startTime="2025-07-06T11:01:03.9281634+00:00" endTime="2025-07-06T11:01:03.9286568+00:00" testType="13cdc9d9-ddb5-4fa4-a97d-d965ccfc6d4b" outcome="Passed" testListId="8c84fa94-04c1-424b-9868-57a2d4851a1d" relativeResultsDirectory="7f00df27-c627-4e9c-980c-f8b400bb0c7f">
      <Output>
        <StdOut>[CentralizedLoggingManager] Initialized. Logs directory: /workspace/logs
[CentralizedLoggingManager] Config source: default
[LoggerServiceTests] Using centralized log path: /workspace/logs/test-20250706.log</StdOut>
      </Output>
    </UnitTestResult>
    <UnitTestResult executionId="4fb77598-d154-4386-ad16-bcbf5ec8604a" testId="18cfefd9-6f9c-255b-7060-9d4d9eaa8f24" testName="LoadAppSettings_WithValidFile_ShouldReturnSettings" computerName="cursor" duration="00:00:00.0355742" startTime="2025-07-06T10:57:02.3022489+00:00" endTime="2025-07-06T10:57:02.3380457+00:00" testType="13cdc9d9-ddb5-4fa4-a97d-d965ccfc6d4b" outcome="Passed" testListId="8c84fa94-04c1-424b-9868-57a2d4851a1d" relativeResultsDirectory="4fb77598-d154-4386-ad16-bcbf5ec8604a" />
    <UnitTestResult executionId="0750b540-e011-4979-9fbd-4d10dfc95ddb" testId="74ad718a-680d-06c3-7660-2d0d9a9fc9f2" testName="ExtractTablesFromQuery_CaseInsensitive_ShouldWork" computerName="cursor" duration="00:00:00.0006830" startTime="2025-07-06T10:57:02.2018886+00:00" endTime="2025-07-06T10:57:02.2026672+00:00" testType="13cdc9d9-ddb5-4fa4-a97d-d965ccfc6d4b" outcome="Passed" testListId="8c84fa94-04c1-424b-9868-57a2d4851a1d" relativeResultsDirectory="0750b540-e011-4979-9fbd-4d10dfc95ddb">
      <Output>
        <StdOut>[SqlMetadataService] Extracting tables from query: 152 chars
[SqlMetadataService] Clean SQL: 
            select u.id from USERS u
            inner join Companies c on u.company_id = c.id
            LEFT JOIN user_ROLES ur on u.id = ur.user_id...
[SqlMetadataService] Pattern '\bFROM\s+(?:(?:\w+\.)?(\w+)|\[([^\]]+)\]|`([^`]+)`)(?:\s+(?:AS\s+)?(\w+))?' found 1 matches
[SqlMetadataService] Match: 'from USERS u'
[SqlMetadataService] Found table: USERS
[SqlMetadataService] Pattern '\b(?:INNER\s+|LEFT\s+|RIGHT\s+|FULL\s+|OUTER\s+)?JOIN\s+(?:(?:\w+\.)?(\w+)|\[([^\]]+)\]|`([^`]+)`)(?:\s+(?:AS\s+)?(\w+))?' found 2 matches
[SqlMetadataService] Match: 'inner join Companies c'
[SqlMetadataService] Found table: Companies
[SqlMetadataService] Match: 'LEFT JOIN user_ROLES ur'
[SqlMetadataService] Found table: user_ROLES
[SqlMetadataService] Pattern '\bINTO\s+(?:(?:\w+\.)?(\w+)|\[([^\]]+)\]|`([^`]+)`)' found 0 matches
[SqlMetadataService] Pattern '\bUPDATE\s+(?:(?:\w+\.)?(\w+)|\[([^\]]+)\]|`([^`]+)`)' found 0 matches
[SqlMetadataService] Pattern '\bINSERT\s+INTO\s+(?:(?:\w+\.)?(\w+)|\[([^\]]+)\]|`([^`]+)`)' found 0 matches
[SqlMetadataService] Total tables extracted: 3 - USERS, Companies, user_ROLES</StdOut>
      </Output>
    </UnitTestResult>
    <UnitTestResult executionId="74f2f84d-9231-4b37-b3d3-2d723d1e9820" testId="8ff78ea0-9547-b89c-150e-ad1ff9a9e72a" testName="ParseQuery_SimpleSelect_ExtractsBasicInfo" computerName="cursor" duration="00:00:00.0769272" startTime="2025-07-06T11:03:06.5233518+00:00" endTime="2025-07-06T11:03:06.6004638+00:00" testType="13cdc9d9-ddb5-4fa4-a97d-d965ccfc6d4b" outcome="Passed" testListId="8c84fa94-04c1-424b-9868-57a2d4851a1d" relativeResultsDirectory="74f2f84d-9231-4b37-b3d3-2d723d1e9820">
      <Output>
        <StdOut>[11:03:06 INF] SqlQueryParserV2: Parsing SQL query with ScriptDom engine
[11:03:06 DBG] Visiting SelectStatement
[11:03:06 DBG] Found table: users with alias: users
[11:03:06 DBG] Extracting WHERE conditions from clause
[11:03:06 DBG] Found comparison condition: .age &gt; 25
[11:03:06 INF] ScriptDom extracted 1 WHERE conditions and 0 JOIN requirements</StdOut>
      </Output>
    </UnitTestResult>
    <UnitTestResult executionId="22842b51-5228-4070-8fff-3f429533da15" testId="bbeef4d7-958f-2851-0543-d9f6c6ae356f" testName="ParseQuery_ComplexVowisQuery_ExtractsAllConstraints" computerName="cursor" duration="00:00:00.0064305" startTime="2025-07-06T11:03:06.6144927+00:00" endTime="2025-07-06T11:03:06.6209713+00:00" testType="13cdc9d9-ddb5-4fa4-a97d-d965ccfc6d4b" outcome="Passed" testListId="8c84fa94-04c1-424b-9868-57a2d4851a1d" relativeResultsDirectory="22842b51-5228-4070-8fff-3f429533da15">
      <Output>
        <StdOut>[11:03:06 INF] SqlQueryParserV2: Parsing SQL query with ScriptDom engine
[11:03:06 WRN] ScriptDom parse errors found: 1
[11:03:06 WRN] Parse error at line 6, column 92: Incorrect syntax near 'INTERVAL'.
[11:03:06 INF] Falling back to regex parser due to MySQL syntax incompatibility
[11:03:06 INF] Parsing SQL query to extract data requirements
[SqlMetadataService] Extracting tables from query: 1030 chars
[SqlMetadataService] Clean SQL: SELECT u.id, u.username, u.first_name, u.last_name, u.email, u.date_of_birth, u.salary, u.department, u.hire_date, c.NAME AS company_name, c.code AS company_code, r.NAME AS role_name, r.code AS role_c...
[SqlMetadataService] Pattern '\bFROM\s+(?:(?:\w+\.)?(\w+)|\[([^\]]+)\]|`([^`]+)`)(?:\s+(?:AS\s+)?(\w+))?' found 1 matches
[SqlMetadataService] Match: 'FROM users u'
[SqlMetadataService] Found table: users
[SqlMetadataService] Pattern '\b(?:INNER\s+|LEFT\s+|RIGHT\s+|FULL\s+|OUTER\s+)?JOIN\s+(?:(?:\w+\.)?(\w+)|\[([^\]]+)\]|`([^`]+)`)(?:\s+(?:AS\s+)?(\w+))?' found 3 matches
[SqlMetadataService] Match: 'INNER JOIN user_roles ur'
[SqlMetadataService] Found table: user_roles
[SqlMetadataService] Match: 'INNER JOIN roles r'
[SqlMetadataService] Found table: roles
[SqlMetadataService] Match: 'INNER JOIN companies c'
[SqlMetadataService] Found table: companies
[SqlMetadataService] Pattern '\bINTO\s+(?:(?:\w+\.)?(\w+)|\[([^\]]+)\]|`([^`]+)`)' found 0 matches
[SqlMetadataService] Pattern '\bUPDATE\s+(?:(?:\w+\.)?(\w+)|\[([^\]]+)\]|`([^`]+)`)' found 0 matches
[SqlMetadataService] Pattern '\bINSERT\s+INTO\s+(?:(?:\w+\.)?(\w+)|\[([^\]]+)\]|`([^`]+)`)' found 0 matches
[SqlMetadataService] Total tables extracted: 4 - users, user_roles, roles, companies
[11:03:06 INF] Found WHERE clause: (u.first_name LIKE '%Phương%' OR u.last_name LIKE '%Phương%') AND YEAR(u.date_of_birth) = 1989 AND u.department IN ('HR', 'IT', 'Finance') AND u.salary &gt;= 5000000 AND ur.expires_at IS NOT NULL AND ur.expires_at &lt;= DATE_ADD(NOW(), INTERVAL 30 DAY) AND u.is_active = 1
[11:03:06 INF] Found LIKE condition: first_name LIKE 'Phương'
[11:03:06 INF] Found LIKE condition: last_name LIKE 'Phương'
[11:03:06 INF] Found equality condition: is_active = '1'
[11:03:06 INF] Found year condition: YEAR(date_of_birth) = 1989
[11:03:06 INF] Found MySQL date condition: expires_at &lt;= DATE_ADD(NOW(), INTERVAL 30 DAY)
[11:03:06 INF] Found null check: expires_at IS NOT NULL
[11:03:06 INF] Found IN condition: department IN (HR, IT, Finance)
[11:03:06 INF] Found comparison condition: salary &gt;= '5000000'
JOIN Debug: Clean query = 'SELECT u.id, u.username, u.first_name, u.last_name, u.email, u.date_of_birth, u.salary, u.department, u.hire_date, c.NAME AS company_name, c.code AS company_code, r.NAME AS role_name, r.code AS role_code, ur.expires_at AS role_expires, CASE WHEN u.is_active = 0 THEN 'Đã nghỉ việc' WHEN ur.expires_at IS NOT NULL AND ur.expires_at &lt;= DATE_ADD(NOW(), INTERVAL 30 DAY) THEN 'Sắp hết hạn quyền' WHEN u.hire_date &gt;= DATE_SUB(NOW(), INTERVAL 90 DAY) THEN 'Nhân viên mới' ELSE 'Đang làm việc' END AS employment_status, YEAR(u.date_of_birth) AS birth_year FROM users u INNER JOIN user_roles ur ON u.id = ur.user_id AND ur.is_active = TRUE INNER JOIN roles r ON ur.role_id = r.id INNER JOIN companies c ON u.company_id = c.id WHERE (u.first_name LIKE '%Phương%' OR u.last_name LIKE '%Phương%') AND YEAR(u.date_of_birth) = 1989 AND u.department IN ('HR', 'IT', 'Finance') AND u.salary &gt;= 5000000 AND ur.expires_at IS NOT NULL AND ur.expires_at &lt;= DATE_ADD(NOW(), INTERVAL 30 DAY) AND u.is_active = 1 ORDER BY u.salary DESC, u.hire_date ASC'
JOIN Debug: Pattern = '(?:INNER\s+|LEFT\s+|RIGHT\s+|FULL\s+|OUTER\s+)?JOIN\s+(\w+)\s+(\w+)\s+ON\s+([^()]+?)(?=\s+(?:INNER|LEFT|RIGHT|FULL|OUTER|WHERE|ORDER|GROUP|LIMIT|$)|$)'
[11:03:06 INF] JOIN Debug: Clean query = 'SELECT u.id, u.username, u.first_name, u.last_name, u.email, u.date_of_birth, u.salary, u.department, u.hire_date, c.NAME AS company_name, c.code AS company_code, r.NAME AS role_name, r.code AS role_code, ur.expires_at AS role_expires, CASE WHEN u.is_active = 0 THEN 'Đã nghỉ việc' WHEN ur.expires_at IS NOT NULL AND ur.expires_at &lt;= DATE_ADD(NOW(), INTERVAL 30 DAY) THEN 'Sắp hết hạn quyền' WHEN u.hire_date &gt;= DATE_SUB(NOW(), INTERVAL 90 DAY) THEN 'Nhân viên mới' ELSE 'Đang làm việc' END AS employment_status, YEAR(u.date_of_birth) AS birth_year FROM users u INNER JOIN user_roles ur ON u.id = ur.user_id AND ur.is_active = TRUE INNER JOIN roles r ON ur.role_id = r.id INNER JOIN companies c ON u.company_id = c.id WHERE (u.first_name LIKE '%Phương%' OR u.last_name LIKE '%Phương%') AND YEAR(u.date_of_birth) = 1989 AND u.department IN ('HR', 'IT', 'Finance') AND u.salary &gt;= 5000000 AND ur.expires_at IS NOT NULL AND ur.expires_at &lt;= DATE_ADD(NOW(), INTERVAL 30 DAY) AND u.is_active = 1 ORDER BY u.salary DESC, u.hire_date ASC'
[11:03:06 INF] JOIN Debug: Pattern = '(?:INNER\s+|LEFT\s+|RIGHT\s+|FULL\s+|OUTER\s+)?JOIN\s+(\w+)\s+(\w+)\s+ON\s+([^()]+?)(?=\s+(?:INNER|LEFT|RIGHT|FULL|OUTER|WHERE|ORDER|GROUP|LIMIT|$)|$)'
JOIN Debug: Found 3 JOIN matches
[11:03:06 INF] JOIN Debug: Found 3 JOIN matches
JOIN Debug: Match found - Table: 'user_roles', Alias: 'ur', OnClause: 'u.id = ur.user_id AND ur.is_active = TRUE'
[11:03:06 INF] JOIN Debug: Match found - Table: 'user_roles', Alias: 'ur', OnClause: 'u.id = ur.user_id AND ur.is_active = TRUE'
JOIN Debug: Condition pattern match success: True
[11:03:06 INF] JOIN Debug: Condition pattern match success: True
Found JOIN: u.id = ur.user_id
[11:03:06 INF] Found JOIN: u.id = ur.user_id
[11:03:06 INF] Found equality condition: is_active = 'TRUE'
JOIN Debug: Match found - Table: 'roles', Alias: 'r', OnClause: 'ur.role_id = r.id'
[11:03:06 INF] JOIN Debug: Match found - Table: 'roles', Alias: 'r', OnClause: 'ur.role_id = r.id'
JOIN Debug: Condition pattern match success: True
[11:03:06 INF] JOIN Debug: Condition pattern match success: True
Found JOIN: ur.role_id = r.id
[11:03:06 INF] Found JOIN: ur.role_id = r.id
JOIN Debug: Match found - Table: 'companies', Alias: 'c', OnClause: 'u.company_id = c.id'
[11:03:06 INF] JOIN Debug: Match found - Table: 'companies', Alias: 'c', OnClause: 'u.company_id = c.id'
JOIN Debug: Condition pattern match success: True
[11:03:06 INF] JOIN Debug: Condition pattern match success: True
Found JOIN: u.company_id = c.id
[11:03:06 INF] Found JOIN: u.company_id = c.id
[11:03:06 INF] Extracted 9 WHERE conditions and 3 JOIN requirements</StdOut>
      </Output>
    </UnitTestResult>
    <UnitTestResult executionId="525ebd8d-6a71-4553-96f2-17f0b67e4d74" testId="aac4c716-72b2-9a1e-0fe2-6659f7df6753" testName="ValidateMySQLSyntax_SubstrFunction_ShouldReturnFalse" computerName="cursor" duration="00:00:00.0000740" startTime="2025-07-06T11:01:03.9538656+00:00" endTime="2025-07-06T11:01:03.9540034+00:00" testType="13cdc9d9-ddb5-4fa4-a97d-d965ccfc6d4b" outcome="Passed" testListId="8c84fa94-04c1-424b-9868-57a2d4851a1d" relativeResultsDirectory="525ebd8d-6a71-4553-96f2-17f0b67e4d74">
      <Output>
        <StdOut>✅ substr function detected and rejected</StdOut>
      </Output>
    </UnitTestResult>
    <UnitTestResult executionId="95bfadc3-c88f-425f-96bb-c46690383c7b" testId="0b8c0b93-a94c-5756-79af-a4f6167eeb3d" testName="TestExtractConstraints_TC001_ComplexVowisSQL_ShouldExtractVNEXTAndIsActive" computerName="cursor" duration="00:00:00.0154818" startTime="2025-07-06T10:57:02.2065490+00:00" endTime="2025-07-06T10:57:02.2222485+00:00" testType="13cdc9d9-ddb5-4fa4-a97d-d965ccfc6d4b" outcome="Passed" testListId="8c84fa94-04c1-424b-9868-57a2d4851a1d" relativeResultsDirectory="95bfadc3-c88f-425f-96bb-c46690383c7b">
      <Output>
        <StdOut>=== CONSTRAINT EXTRACTION TEST RESULTS ===
Total Constraints: 17
LIKE Patterns: 4
Boolean Constraints: 3
Date Constraints: 3
JOIN Constraints: 4
WHERE Constraints: 2
✅ VNEXT Pattern: c.NAME LIKE '%VNEXT%' -&gt; 'VNEXT'
✅ JOIN Boolean: ur.is_active = TRUE
✅ Phương Pattern: u.first_name LIKE '%Phương%' -&gt; 'Phương'
✅ DD Pattern: r.code LIKE '%DD%' -&gt; 'DD'
✅ Year Constraint: YEAR(u.date_of_birth) = 1989
\ud83c\udf89 ALL CONSTRAINT EXTRACTION TESTS PASSED!</StdOut>
      </Output>
    </UnitTestResult>
    <UnitTestResult executionId="e1d8a6b1-7eea-45d6-a540-f843f0b48c0c" testId="0a1468aa-72ea-7a6a-8d19-43a4651e3cc0" testName="ExtractTablesFromQuery_WithSubqueries_ShouldExtractAllTables" computerName="cursor" duration="00:00:00.0001833" startTime="2025-07-06T10:57:02.2033762+00:00" endTime="2025-07-06T10:57:02.2036532+00:00" testType="13cdc9d9-ddb5-4fa4-a97d-d965ccfc6d4b" outcome="Passed" testListId="8c84fa94-04c1-424b-9868-57a2d4851a1d" relativeResultsDirectory="e1d8a6b1-7eea-45d6-a540-f843f0b48c0c">
      <Output>
        <StdOut>[SqlMetadataService] Extracting tables from query: 270 chars
[SqlMetadataService] Clean SQL: 
            SELECT u.id, u.name,
                   (SELECT COUNT(*) FROM orders o WHERE o.user_id = u.id) as order_count
            FROM users u
            WHERE u.company_id IN (
                ...
[SqlMetadataService] Pattern '\bFROM\s+(?:(?:\w+\.)?(\w+)|\[([^\]]+)\]|`([^`]+)`)(?:\s+(?:AS\s+)?(\w+))?' found 3 matches
[SqlMetadataService] Match: 'FROM orders o'
[SqlMetadataService] Found table: orders
[SqlMetadataService] Match: 'FROM users u'
[SqlMetadataService] Found table: users
[SqlMetadataService] Match: 'FROM companies c'
[SqlMetadataService] Found table: companies
[SqlMetadataService] Pattern '\b(?:INNER\s+|LEFT\s+|RIGHT\s+|FULL\s+|OUTER\s+)?JOIN\s+(?:(?:\w+\.)?(\w+)|\[([^\]]+)\]|`([^`]+)`)(?:\s+(?:AS\s+)?(\w+))?' found 0 matches
[SqlMetadataService] Pattern '\bINTO\s+(?:(?:\w+\.)?(\w+)|\[([^\]]+)\]|`([^`]+)`)' found 0 matches
[SqlMetadataService] Pattern '\bUPDATE\s+(?:(?:\w+\.)?(\w+)|\[([^\]]+)\]|`([^`]+)`)' found 0 matches
[SqlMetadataService] Pattern '\bINSERT\s+INTO\s+(?:(?:\w+\.)?(\w+)|\[([^\]]+)\]|`([^`]+)`)' found 0 matches
[SqlMetadataService] Total tables extracted: 3 - orders, users, companies</StdOut>
      </Output>
    </UnitTestResult>
    <UnitTestResult executionId="206ae813-3783-4262-96e2-b4c5e01c1db8" testId="565c593c-a1ec-efd6-3780-c53986c553c0" testName="ParseQuery_InCondition_ExtractsValueList" computerName="cursor" duration="00:00:00.0016502" startTime="2025-07-06T11:03:06.6066593+00:00" endTime="2025-07-06T11:03:06.6083601+00:00" testType="13cdc9d9-ddb5-4fa4-a97d-d965ccfc6d4b" outcome="Passed" testListId="8c84fa94-04c1-424b-9868-57a2d4851a1d" relativeResultsDirectory="206ae813-3783-4262-96e2-b4c5e01c1db8">
      <Output>
        <StdOut>[11:03:06 INF] SqlQueryParserV2: Parsing SQL query with ScriptDom engine
[11:03:06 DBG] Visiting SelectStatement
[11:03:06 DBG] Found table: users with alias: users
[11:03:06 DBG] Extracting WHERE conditions from clause
[11:03:06 DBG] Found IN condition: .department IN (IT, HR, Finance)
[11:03:06 INF] ScriptDom extracted 1 WHERE conditions and 0 JOIN requirements</StdOut>
      </Output>
    </UnitTestResult>
    <UnitTestResult executionId="80f5e726-b4b6-483a-ab2c-05685ec0bdda" testId="c2d4e3da-39f1-e45c-38d4-6c5a31def722" testName="Test_ProveTC001Fix_FallbackOnly" computerName="cursor" duration="00:00:00.0015945" startTime="2025-07-06T10:57:03.6034137+00:00" endTime="2025-07-06T10:57:03.6051432+00:00" testType="13cdc9d9-ddb5-4fa4-a97d-d965ccfc6d4b" outcome="Failed" testListId="8c84fa94-04c1-424b-9868-57a2d4851a1d" relativeResultsDirectory="80f5e726-b4b6-483a-ab2c-05685ec0bdda">
      <Output>
        <StdOut>[DEBUG] GetApiKey() method called
[DEBUG] ConfigurationManager result: '' (length: 0)
[DEBUG] Environment variable result: '' (length: 0)
[DEBUG] Using HARDCODED API key for testing
[DEBUG] Gemini API Key configured: True
[DEBUG] API Key length: 39
[DEBUG] API Key preview: AIzaSyCsOz...
=== PROVING TC001 VNEXT FIX (FALLBACK ONLY) ===
Constraint: c.NAME LIKE '%VNEXT%'
Expected: Generated company names should contain 'VNEXT'

Generated 0 valid companies using fallback:</StdOut>
        <ErrorInfo>
          <Message>Assert.IsTrue failed. Should generate at least some records using fallback</Message>
          <StackTrace>   at SqlTestDataGenerator.Tests.ConstraintAwareGenerationTests.Test_ProveTC001Fix_FallbackOnly() in /workspace/SqlTestDataGenerator.Tests/ConstraintAwareGenerationTests.cs:line 926
</StackTrace>
        </ErrorInfo>
      </Output>
    </UnitTestResult>
    <UnitTestResult executionId="2abc9b42-b0b5-423d-8f64-149f42a9c788" testId="46564af2-7fd2-2128-da44-3a733601d023" testName="TestApiLimitBoundaryConditions" computerName="cursor" duration="00:00:00.0002884" startTime="2025-07-06T10:57:03.6234502+00:00" endTime="2025-07-06T10:57:03.6238567+00:00" testType="13cdc9d9-ddb5-4fa4-a97d-d965ccfc6d4b" outcome="Passed" testListId="8c84fa94-04c1-424b-9868-57a2d4851a1d" relativeResultsDirectory="2abc9b42-b0b5-423d-8f64-149f42a9c788">
      <Output>
        <StdOut>✅ Boundary Conditions Test Passed
\ud83d\udd04 Can Call: False
⏰ Next Call: 2025-07-06 10:57:08 UTC
⌛ Time Diff: 4.95 seconds</StdOut>
      </Output>
    </UnitTestResult>
    <UnitTestResult executionId="cb163f3a-5c52-4558-bf5f-f49b1fcef36c" testId="278e084f-9a34-6925-0e6c-7057c40b7f0a" testName="ExtractConstraints_VietnameseCompanyNames_ShouldHandleUTF8" computerName="cursor" duration="00:00:00.0013297" startTime="2025-07-06T11:03:06.5006887+00:00" endTime="2025-07-06T11:03:06.5020565+00:00" testType="13cdc9d9-ddb5-4fa4-a97d-d965ccfc6d4b" outcome="Passed" testListId="8c84fa94-04c1-424b-9868-57a2d4851a1d" relativeResultsDirectory="cb163f3a-5c52-4558-bf5f-f49b1fcef36c" />
    <UnitTestResult executionId="79543184-4c55-48ad-a52b-942c6749f0b9" testId="1e940aca-f548-be92-5f19-806853dafddb" testName="ExtractNullConstraints_WithIsNotNull_ShouldExtractCorrectly" computerName="cursor" duration="00:00:00.0017259" startTime="2025-07-06T10:57:02.2746196+00:00" endTime="2025-07-06T10:57:02.2764320+00:00" testType="13cdc9d9-ddb5-4fa4-a97d-d965ccfc6d4b" outcome="Passed" testListId="8c84fa94-04c1-424b-9868-57a2d4851a1d" relativeResultsDirectory="79543184-4c55-48ad-a52b-942c6749f0b9">
      <Output>
        <StdOut>[10:57:02 INF] Extracting comprehensive constraints from SQL query
[10:57:02 INF] Found WHERE clause: p.description IS NOT NULL AND p.category_id &gt; 0
[10:57:02 INF] Found WHERE comparison with alias: p.category_id &gt; '0'
[10:57:02 INF] Found NOT NULL constraint: p.description IS NOT NULL
[10:57:02 INF] Starting EXISTS constraints extraction with two-phase approach
[10:57:02 INF] Completed EXISTS constraints extraction: 0 NOT EXISTS, 0 EXISTS
[10:57:02 INF] Extracted 2 total constraints: 1 WHERE, 0 JOIN, 0 LIKE, 0 IN, 0 BETWEEN, 1 NULL, 0 EXISTS</StdOut>
      </Output>
    </UnitTestResult>
    <UnitTestResult executionId="09440be5-7548-42d5-ad9d-2abe8fd474f5" testId="2e0cc1d0-8e48-730a-36ce-d87cb24022a8" testName="ConvertToMySQLSyntax_EmptyOrNullQuery_ShouldReturnUnchanged" computerName="cursor" duration="00:00:00.0000995" startTime="2025-07-06T11:01:03.9526513+00:00" endTime="2025-07-06T11:01:03.9528129+00:00" testType="13cdc9d9-ddb5-4fa4-a97d-d965ccfc6d4b" outcome="Passed" testListId="8c84fa94-04c1-424b-9868-57a2d4851a1d" relativeResultsDirectory="09440be5-7548-42d5-ad9d-2abe8fd474f5">
      <Output>
        <StdOut>✅ Empty/null queries handled correctly</StdOut>
      </Output>
    </UnitTestResult>
    <UnitTestResult executionId="ccb70f84-e636-401e-9da0-f391aeb6bdde" testId="5f5dc02f-2f9c-49e2-7876-e8cabf1f6fd1" testName="ExtractExistsConstraints_SimpleExists_ShouldExtractCorrectly" computerName="cursor" duration="00:00:00.0155531" startTime="2025-07-06T11:01:03.8486637+00:00" endTime="2025-07-06T11:01:03.8645277+00:00" testType="13cdc9d9-ddb5-4fa4-a97d-d965ccfc6d4b" outcome="Passed" testListId="8c84fa94-04c1-424b-9868-57a2d4851a1d" relativeResultsDirectory="ccb70f84-e636-401e-9da0-f391aeb6bdde">
      <Output>
        <StdOut>Warning:&#xD;
     The component "Fluent Assertions" is governed by the rules defined in the Xceed License Agreement and&#xD;
     the Xceed Fluent Assertions Community License. You may use Fluent Assertions free of charge for&#xD;
     non-commercial use only. An active subscription is required to use Fluent Assertions for commercial use.&#xD;
&#xD;
     Please contact Xceed Sales mailto:sales@xceed.com to acquire a subscription at a very low cost.&#xD;
&#xD;
     A paid commercial license supports the development and continued increasing support of&#xD;
     Fluent Assertions users under both commercial and community licenses. Help us&#xD;
     keep Fluent Assertions at the forefront of unit testing.&#xD;
&#xD;
     For more information, visit https://xceed.com/products/unit-testing/fluent-assertions/



Debug Trace:
     Warning:&#xD;
     The component "Fluent Assertions" is governed by the rules defined in the Xceed License Agreement and&#xD;
     the Xceed Fluent Assertions Community License. You may use Fluent Assertions free of charge for&#xD;
     non-commercial use only. An active subscription is required to use Fluent Assertions for commercial use.&#xD;
&#xD;
     Please contact Xceed Sales mailto:sales@xceed.com to acquire a subscription at a very low cost.&#xD;
&#xD;
     A paid commercial license supports the development and continued increasing support of&#xD;
     Fluent Assertions users under both commercial and community licenses. Help us&#xD;
     keep Fluent Assertions at the forefront of unit testing.&#xD;
&#xD;
     For more information, visit https://xceed.com/products/unit-testing/fluent-assertions/</StdOut>
      </Output>
    </UnitTestResult>
    <UnitTestResult executionId="d4c4e55e-194d-4df2-a7b0-481cfe36c8b0" testId="e0fbe67e-bf5e-0a04-e1b9-1f890e4b8443" testName="ValidateMySQLSyntax_InvalidQuery_ShouldReturnFalse" computerName="cursor" duration="00:00:00.0001325" startTime="2025-07-06T11:01:03.9534576+00:00" endTime="2025-07-06T11:01:03.9536741+00:00" testType="13cdc9d9-ddb5-4fa4-a97d-d965ccfc6d4b" outcome="Passed" testListId="8c84fa94-04c1-424b-9868-57a2d4851a1d" relativeResultsDirectory="d4c4e55e-194d-4df2-a7b0-481cfe36c8b0">
      <Output>
        <StdOut>✅ Invalid syntax detected and rejected</StdOut>
      </Output>
    </UnitTestResult>
    <UnitTestResult executionId="2766048f-fe75-49f9-aeb5-9b1a2cba08cb" testId="f6459aea-f0c1-f81e-519d-6d38d4140c43" testName="ExecuteQueryWithTestDataAsync_MultipleRuns_ShouldAlwaysBeUnique" computerName="cursor" duration="00:00:00.0153862" startTime="2025-07-06T11:01:03.9672857+00:00" endTime="2025-07-06T11:01:03.9827803+00:00" testType="13cdc9d9-ddb5-4fa4-a97d-d965ccfc6d4b" outcome="Failed" testListId="8c84fa94-04c1-424b-9868-57a2d4851a1d" relativeResultsDirectory="2766048f-fe75-49f9-aeb5-9b1a2cba08cb">
      <Output>
        <StdOut>[CentralizedLoggingManager] Initialized. Logs directory: /workspace/logs
[CentralizedLoggingManager] Config source: default
[EngineService] Centralized logs directory: /workspace/logs
\ud83d\udd04 Testing multiple runs for consistency...

=== RUN 1 ===
\ud83e\uddf9 Cleaning up before run 1...
⚠️ Cleanup warning for run 1: Unable to connect to any of the specified MySQL hosts.
[EngineService] Starting execution for MySQL
[EngineService] Analyzing query: 1074 chars
[SqlMetadataService] Extracting tables from query: 1074 chars
[SqlMetadataService] Clean SQL: 
        SELECT u.id, u.username, u.first_name, u.last_name, u.email, u.date_of_birth, u.salary, u.department, u.hire_date, 
               c.NAME AS company_name, c.code AS company_code, r.NAME AS ro...
[SqlMetadataService] Pattern '\bFROM\s+(?:(?:\w+\.)?(\w+)|\[([^\]]+)\]|`([^`]+)`)(?:\s+(?:AS\s+)?(\w+))?' found 1 matches
[SqlMetadataService] Match: 'FROM users u'
[SqlMetadataService] Found table: users
[SqlMetadataService] Pattern '\b(?:INNER\s+|LEFT\s+|RIGHT\s+|FULL\s+|OUTER\s+)?JOIN\s+(?:(?:\w+\.)?(\w+)|\[([^\]]+)\]|`([^`]+)`)(?:\s+(?:AS\s+)?(\w+))?' found 3 matches
[SqlMetadataService] Match: 'INNER JOIN companies c'
[SqlMetadataService] Found table: companies
[SqlMetadataService] Match: 'INNER JOIN user_roles ur'
[SqlMetadataService] Found table: user_roles
[SqlMetadataService] Match: 'INNER JOIN roles r'
[SqlMetadataService] Found table: roles
[SqlMetadataService] Pattern '\bINTO\s+(?:(?:\w+\.)?(\w+)|\[([^\]]+)\]|`([^`]+)`)' found 0 matches
[SqlMetadataService] Pattern '\bUPDATE\s+(?:(?:\w+\.)?(\w+)|\[([^\]]+)\]|`([^`]+)`)' found 0 matches
[SqlMetadataService] Pattern '\bINSERT\s+INTO\s+(?:(?:\w+\.)?(\w+)|\[([^\]]+)\]|`([^`]+)`)' found 0 matches
[SqlMetadataService] Total tables extracted: 4 - users, companies, user_roles, roles
[EngineService] Metadata extraction failed: Unable to connect to any of the specified MySQL hosts.
[EngineService] Execution failed: Không thể phân tích database schema: Unable to connect to any of the specified MySQL hosts.
[EngineService] Exception type: InvalidOperationException
[EngineService] Inner exception: Unable to connect to any of the specified MySQL hosts.
  ❌ Failed: Không thể phân tích database schema: Unable to connect to any of the specified MySQL hosts.

=== RUN 2 ===
\ud83e\uddf9 Cleaning up before run 2...
⚠️ Cleanup warning for run 2: Unable to connect to any of the specified MySQL hosts.
[EngineService] Starting execution for MySQL
[EngineService] Analyzing query: 1074 chars
[SqlMetadataService] Extracting tables from query: 1074 chars
[SqlMetadataService] Clean SQL: 
        SELECT u.id, u.username, u.first_name, u.last_name, u.email, u.date_of_birth, u.salary, u.department, u.hire_date, 
               c.NAME AS company_name, c.code AS company_code, r.NAME AS ro...
[SqlMetadataService] Pattern '\bFROM\s+(?:(?:\w+\.)?(\w+)|\[([^\]]+)\]|`([^`]+)`)(?:\s+(?:AS\s+)?(\w+))?' found 1 matches
[SqlMetadataService] Match: 'FROM users u'
[SqlMetadataService] Found table: users
[SqlMetadataService] Pattern '\b(?:INNER\s+|LEFT\s+|RIGHT\s+|FULL\s+|OUTER\s+)?JOIN\s+(?:(?:\w+\.)?(\w+)|\[([^\]]+)\]|`([^`]+)`)(?:\s+(?:AS\s+)?(\w+))?' found 3 matches
[SqlMetadataService] Match: 'INNER JOIN companies c'
[SqlMetadataService] Found table: companies
[SqlMetadataService] Match: 'INNER JOIN user_roles ur'
[SqlMetadataService] Found table: user_roles
[SqlMetadataService] Match: 'INNER JOIN roles r'
[SqlMetadataService] Found table: roles
[SqlMetadataService] Pattern '\bINTO\s+(?:(?:\w+\.)?(\w+)|\[([^\]]+)\]|`([^`]+)`)' found 0 matches
[SqlMetadataService] Pattern '\bUPDATE\s+(?:(?:\w+\.)?(\w+)|\[([^\]]+)\]|`([^`]+)`)' found 0 matches
[SqlMetadataService] Pattern '\bINSERT\s+INTO\s+(?:(?:\w+\.)?(\w+)|\[([^\]]+)\]|`([^`]+)`)' found 0 matches
[SqlMetadataService] Total tables extracted: 4 - users, companies, user_roles, roles
[EngineService] Metadata extraction failed: Unable to connect to any of the specified MySQL hosts.
[EngineService] Execution failed: Không thể phân tích database schema: Unable to connect to any of the specified MySQL hosts.
[EngineService] Exception type: InvalidOperationException
[EngineService] Inner exception: Unable to connect to any of the specified MySQL hosts.
  ❌ Failed: Không thể phân tích database schema: Unable to connect to any of the specified MySQL hosts.

=== RUN 3 ===
\ud83e\uddf9 Cleaning up before run 3...
⚠️ Cleanup warning for run 3: Unable to connect to any of the specified MySQL hosts.
[EngineService] Starting execution for MySQL
[EngineService] Analyzing query: 1074 chars
[SqlMetadataService] Extracting tables from query: 1074 chars
[SqlMetadataService] Clean SQL: 
        SELECT u.id, u.username, u.first_name, u.last_name, u.email, u.date_of_birth, u.salary, u.department, u.hire_date, 
               c.NAME AS company_name, c.code AS company_code, r.NAME AS ro...
[SqlMetadataService] Pattern '\bFROM\s+(?:(?:\w+\.)?(\w+)|\[([^\]]+)\]|`([^`]+)`)(?:\s+(?:AS\s+)?(\w+))?' found 1 matches
[SqlMetadataService] Match: 'FROM users u'
[SqlMetadataService] Found table: users
[SqlMetadataService] Pattern '\b(?:INNER\s+|LEFT\s+|RIGHT\s+|FULL\s+|OUTER\s+)?JOIN\s+(?:(?:\w+\.)?(\w+)|\[([^\]]+)\]|`([^`]+)`)(?:\s+(?:AS\s+)?(\w+))?' found 3 matches
[SqlMetadataService] Match: 'INNER JOIN companies c'
[SqlMetadataService] Found table: companies
[SqlMetadataService] Match: 'INNER JOIN user_roles ur'
[SqlMetadataService] Found table: user_roles
[SqlMetadataService] Match: 'INNER JOIN roles r'
[SqlMetadataService] Found table: roles
[SqlMetadataService] Pattern '\bINTO\s+(?:(?:\w+\.)?(\w+)|\[([^\]]+)\]|`([^`]+)`)' found 0 matches
[SqlMetadataService] Pattern '\bUPDATE\s+(?:(?:\w+\.)?(\w+)|\[([^\]]+)\]|`([^`]+)`)' found 0 matches
[SqlMetadataService] Pattern '\bINSERT\s+INTO\s+(?:(?:\w+\.)?(\w+)|\[([^\]]+)\]|`([^`]+)`)' found 0 matches
[SqlMetadataService] Total tables extracted: 4 - users, companies, user_roles, roles
[EngineService] Metadata extraction failed: Unable to connect to any of the specified MySQL hosts.
[EngineService] Execution failed: Không thể phân tích database schema: Unable to connect to any of the specified MySQL hosts.
[EngineService] Exception type: InvalidOperationException
[EngineService] Inner exception: Unable to connect to any of the specified MySQL hosts.
  ❌ Failed: Không thể phân tích database schema: Unable to connect to any of the specified MySQL hosts.

\ud83d\udcca SUMMARY: 0/3 successful, 0 duplicates</StdOut>
        <ErrorInfo>
          <Message>Assert.AreEqual failed. Expected:&lt;3&gt;. Actual:&lt;0&gt;. All runs should succeed without duplicate key errors</Message>
          <StackTrace>   at SqlTestDataGenerator.Tests.MySQLIntegrationDuplicateKeyTests.ExecuteQueryWithTestDataAsync_MultipleRuns_ShouldAlwaysBeUnique() in /workspace/SqlTestDataGenerator.Tests/MySQLIntegrationDuplicateKeyTests.cs:line 266
</StackTrace>
        </ErrorInfo>
      </Output>
    </UnitTestResult>
    <UnitTestResult executionId="edc6fbdc-76b4-43c0-9fe9-dc848ab2c39e" testId="52c82675-ffa4-23b2-c280-44843f3a7e41" testName="TestExtractConstraints_NullChecks_ShouldExtractNullConstraints" computerName="cursor" duration="00:00:00.0014927" startTime="2025-07-06T10:57:03.7107638+00:00" endTime="2025-07-06T10:57:03.7123766+00:00" testType="13cdc9d9-ddb5-4fa4-a97d-d965ccfc6d4b" outcome="Passed" testListId="8c84fa94-04c1-424b-9868-57a2d4851a1d" relativeResultsDirectory="edc6fbdc-76b4-43c0-9fe9-dc848ab2c39e">
      <Output>
        <StdOut>=== NULL CHECK TEST RESULTS ===
NULL Constraints: 4
NULL: u.deleted_at IS_NULL - IsNull: True
NULL: u.middle_name IS_NULL - IsNull: True
NULL: u.phone IS_NOT_NULL - IsNull: False
NULL: u.email IS_NOT_NULL - IsNull: False
✅ NULL checks extraction test passed</StdOut>
      </Output>
    </UnitTestResult>
    <UnitTestResult executionId="28673b73-4ec7-4972-b8d7-f40bafaf1114" testId="c6f2c04c-f677-456c-51ca-b43e9a462015" testName="TestGeminiServiceInitialization" computerName="cursor" duration="00:00:00.0919577" startTime="2025-07-06T10:57:01.7142823+00:00" endTime="2025-07-06T10:57:01.8222634+00:00" testType="13cdc9d9-ddb5-4fa4-a97d-d965ccfc6d4b" outcome="Failed" testListId="8c84fa94-04c1-424b-9868-57a2d4851a1d" relativeResultsDirectory="28673b73-4ec7-4972-b8d7-f40bafaf1114">
      <Output>
        <StdOut>Testing Gemini AI service initialization
API Key available: False
AI Service available: True</StdOut>
        <ErrorInfo>
          <Message>Assert.IsFalse failed. Service should not be available without API key</Message>
          <StackTrace>   at SqlTestDataGenerator.Tests.AIIntegrationBasicTest.TestGeminiServiceInitialization() in /workspace/SqlTestDataGenerator.Tests/AIIntegrationBasicTest.cs:line 33
</StackTrace>
        </ErrorInfo>
      </Output>
    </UnitTestResult>
    <UnitTestResult executionId="5f8d9fac-28ff-4430-b768-4235184bdb25" testId="9ddb3c70-4652-b32c-72ff-06adb9dbe978" testName="DisposedLogger_ShouldNotLog" computerName="cursor" duration="00:00:00.0002746" startTime="2025-07-06T11:01:03.9276009+00:00" endTime="2025-07-06T11:01:03.9279604+00:00" testType="13cdc9d9-ddb5-4fa4-a97d-d965ccfc6d4b" outcome="Passed" testListId="8c84fa94-04c1-424b-9868-57a2d4851a1d" relativeResultsDirectory="5f8d9fac-28ff-4430-b768-4235184bdb25">
      <Output>
        <StdOut>[CentralizedLoggingManager] Initialized. Logs directory: /workspace/logs
[CentralizedLoggingManager] Config source: default
[LoggerServiceTests] Using centralized log path: /workspace/logs/test-20250706.log</StdOut>
      </Output>
    </UnitTestResult>
    <UnitTestResult executionId="66f1189a-8c99-4714-8137-59050ab846b5" testId="8dbddd12-1e3d-0936-552e-7e6f9e2aaf7f" testName="ExecuteQueryWithTestDataAsync_MySQLConnection_ShouldValidateConnectionString" computerName="cursor" duration="00:00:00.0074636" startTime="2025-07-06T10:57:02.1645748+00:00" endTime="2025-07-06T10:57:02.1721442+00:00" testType="13cdc9d9-ddb5-4fa4-a97d-d965ccfc6d4b" outcome="Passed" testListId="8c84fa94-04c1-424b-9868-57a2d4851a1d" relativeResultsDirectory="66f1189a-8c99-4714-8137-59050ab846b5">
      <Output>
        <StdOut>[CentralizedLoggingManager] Initialized. Logs directory: /workspace/logs
[CentralizedLoggingManager] Config source: default
[EngineService] Centralized logs directory: /workspace/logs
[EngineService] Starting execution for MySQL
[EngineService] Analyzing query: 19 chars
[SqlMetadataService] Extracting tables from query: 19 chars
[SqlMetadataService] Clean SQL: SELECT * FROM users...
[SqlMetadataService] Pattern '\bFROM\s+(?:(?:\w+\.)?(\w+)|\[([^\]]+)\]|`([^`]+)`)(?:\s+(?:AS\s+)?(\w+))?' found 1 matches
[SqlMetadataService] Match: 'FROM users'
[SqlMetadataService] Found table: users
[SqlMetadataService] Pattern '\b(?:INNER\s+|LEFT\s+|RIGHT\s+|FULL\s+|OUTER\s+)?JOIN\s+(?:(?:\w+\.)?(\w+)|\[([^\]]+)\]|`([^`]+)`)(?:\s+(?:AS\s+)?(\w+))?' found 0 matches
[SqlMetadataService] Pattern '\bINTO\s+(?:(?:\w+\.)?(\w+)|\[([^\]]+)\]|`([^`]+)`)' found 0 matches
[SqlMetadataService] Pattern '\bUPDATE\s+(?:(?:\w+\.)?(\w+)|\[([^\]]+)\]|`([^`]+)`)' found 0 matches
[SqlMetadataService] Pattern '\bINSERT\s+INTO\s+(?:(?:\w+\.)?(\w+)|\[([^\]]+)\]|`([^`]+)`)' found 0 matches
[SqlMetadataService] Total tables extracted: 1 - users
[EngineService] Metadata extraction failed: Unable to connect to any of the specified MySQL hosts.
[EngineService] Execution failed: Không thể phân tích database schema: Unable to connect to any of the specified MySQL hosts.
[EngineService] Exception type: InvalidOperationException
[EngineService] Inner exception: Unable to connect to any of the specified MySQL hosts.
[EngineService] Starting execution for MySQL
[EngineService] Analyzing query: 19 chars
[SqlMetadataService] Extracting tables from query: 19 chars
[SqlMetadataService] Clean SQL: SELECT * FROM users...
[SqlMetadataService] Pattern '\bFROM\s+(?:(?:\w+\.)?(\w+)|\[([^\]]+)\]|`([^`]+)`)(?:\s+(?:AS\s+)?(\w+))?' found 1 matches
[SqlMetadataService] Match: 'FROM users'
[SqlMetadataService] Found table: users
[SqlMetadataService] Pattern '\b(?:INNER\s+|LEFT\s+|RIGHT\s+|FULL\s+|OUTER\s+)?JOIN\s+(?:(?:\w+\.)?(\w+)|\[([^\]]+)\]|`([^`]+)`)(?:\s+(?:AS\s+)?(\w+))?' found 0 matches
[SqlMetadataService] Pattern '\bINTO\s+(?:(?:\w+\.)?(\w+)|\[([^\]]+)\]|`([^`]+)`)' found 0 matches
[SqlMetadataService] Pattern '\bUPDATE\s+(?:(?:\w+\.)?(\w+)|\[([^\]]+)\]|`([^`]+)`)' found 0 matches
[SqlMetadataService] Pattern '\bINSERT\s+INTO\s+(?:(?:\w+\.)?(\w+)|\[([^\]]+)\]|`([^`]+)`)' found 0 matches
[SqlMetadataService] Total tables extracted: 1 - users
[EngineService] Metadata extraction failed: Option 'invalid connection string;connection timeout' not supported.
[EngineService] Execution failed: Không thể phân tích database schema: Option 'invalid connection string;connection timeout' not supported.
[EngineService] Exception type: InvalidOperationException
[EngineService] Inner exception: Option 'invalid connection string;connection timeout' not supported.
✅ MySQL connection string validation tests completed</StdOut>
      </Output>
    </UnitTestResult>
    <UnitTestResult executionId="927bc3d9-f3ba-4bb5-88ec-f9cea7332037" testId="2ba22d0d-6589-7197-68b1-8359f9ab44f9" testName="ExtractTablesFromQuery_ComplexSQL_ShouldHandleMultipleJoins" computerName="cursor" duration="00:00:00.0001760" startTime="2025-07-06T10:57:02.1969517+00:00" endTime="2025-07-06T10:57:02.1971956+00:00" testType="13cdc9d9-ddb5-4fa4-a97d-d965ccfc6d4b" outcome="Passed" testListId="8c84fa94-04c1-424b-9868-57a2d4851a1d" relativeResultsDirectory="927bc3d9-f3ba-4bb5-88ec-f9cea7332037">
      <Output>
        <StdOut>[SqlMetadataService] Extracting tables from query: 273 chars
[SqlMetadataService] Clean SQL: 
            SELECT * FROM users u
            INNER JOIN companies c ON u.company_id = c.id
            LEFT JOIN departments d ON u.department_id = d.id
            RIGHT JOIN locations l ON d.locat...
[SqlMetadataService] Pattern '\bFROM\s+(?:(?:\w+\.)?(\w+)|\[([^\]]+)\]|`([^`]+)`)(?:\s+(?:AS\s+)?(\w+))?' found 1 matches
[SqlMetadataService] Match: 'FROM users u'
[SqlMetadataService] Found table: users
[SqlMetadataService] Pattern '\b(?:INNER\s+|LEFT\s+|RIGHT\s+|FULL\s+|OUTER\s+)?JOIN\s+(?:(?:\w+\.)?(\w+)|\[([^\]]+)\]|`([^`]+)`)(?:\s+(?:AS\s+)?(\w+))?' found 4 matches
[SqlMetadataService] Match: 'INNER JOIN companies c'
[SqlMetadataService] Found table: companies
[SqlMetadataService] Match: 'LEFT JOIN departments d'
[SqlMetadataService] Found table: departments
[SqlMetadataService] Match: 'RIGHT JOIN locations l'
[SqlMetadataService] Found table: locations
[SqlMetadataService] Match: 'OUTER JOIN regions r'
[SqlMetadataService] Found table: regions
[SqlMetadataService] Pattern '\bINTO\s+(?:(?:\w+\.)?(\w+)|\[([^\]]+)\]|`([^`]+)`)' found 0 matches
[SqlMetadataService] Pattern '\bUPDATE\s+(?:(?:\w+\.)?(\w+)|\[([^\]]+)\]|`([^`]+)`)' found 0 matches
[SqlMetadataService] Pattern '\bINSERT\s+INTO\s+(?:(?:\w+\.)?(\w+)|\[([^\]]+)\]|`([^`]+)`)' found 0 matches
[SqlMetadataService] Total tables extracted: 5 - users, companies, departments, locations, regions</StdOut>
      </Output>
    </UnitTestResult>
    <UnitTestResult executionId="9a0fce8d-553d-40b6-9374-fca2ce51b17c" testId="0b31b055-dd09-9ece-b730-b2afc725f7ea" testName="StringEncoding_VietnameseText_ShouldPreserveCharacters" computerName="cursor" duration="00:00:00.0002021" startTime="2025-07-06T11:03:06.5073242+00:00" endTime="2025-07-06T11:03:06.5075609+00:00" testType="13cdc9d9-ddb5-4fa4-a97d-d965ccfc6d4b" outcome="Passed" testListId="8c84fa94-04c1-424b-9868-57a2d4851a1d" relativeResultsDirectory="9a0fce8d-553d-40b6-9374-fca2ce51b17c">
      <Output>
        <StdOut>✅ All Vietnamese texts preserved correctly in UTF-8 encoding</StdOut>
      </Output>
    </UnitTestResult>
    <UnitTestResult executionId="3a2e4064-be45-449f-9762-b4d090c045d2" testId="5a366c63-f307-9fef-f255-5d7561c90c4a" testName="Debug_ConstraintValidation_WithoutAI" computerName="cursor" duration="00:00:00.0007967" startTime="2025-07-06T10:57:03.5905671+00:00" endTime="2025-07-06T10:57:03.5914601+00:00" testType="13cdc9d9-ddb5-4fa4-a97d-d965ccfc6d4b" outcome="Passed" testListId="8c84fa94-04c1-424b-9868-57a2d4851a1d" relativeResultsDirectory="3a2e4064-be45-449f-9762-b4d090c045d2">
      <Output>
        <StdOut>[DEBUG] GetApiKey() method called
[DEBUG] ConfigurationManager result: '' (length: 0)
[DEBUG] Environment variable result: '' (length: 0)
[DEBUG] Using HARDCODED API key for testing
[DEBUG] Gemini API Key configured: True
[DEBUG] API Key length: 39
[DEBUG] API Key preview: AIzaSyCsOz...
[DEBUG] Valid record validation: True
[DEBUG] Valid record violations: 0
[DEBUG] Invalid record validation: False
[DEBUG] Invalid record violations: 2
[DEBUG] Invalid record violation: first_name LIKE %Phương%
[DEBUG] Invalid record violation: date_of_birth YEAR 1989</StdOut>
      </Output>
    </UnitTestResult>
    <UnitTestResult executionId="eb8b1e2f-b228-4d59-88cb-d0aad2597dfa" testId="02ff96e2-ba85-766f-e79a-a17a7bbfe07b" testName="TestWhereClauseRegex" computerName="cursor" duration="00:00:00.0001581" startTime="2025-07-06T11:03:06.5103039+00:00" endTime="2025-07-06T11:03:06.5105889+00:00" testType="13cdc9d9-ddb5-4fa4-a97d-d965ccfc6d4b" outcome="Passed" testListId="8c84fa94-04c1-424b-9868-57a2d4851a1d" relativeResultsDirectory="eb8b1e2f-b228-4d59-88cb-d0aad2597dfa" />
    <UnitTestResult executionId="9fda3c8b-0cef-4851-91cb-ec001695ca43" testId="812afea8-78cc-8b31-7c2f-4fcf17bd6c5c" testName="ParseQuery_LikeCondition_ShouldExtractCondition" computerName="cursor" duration="00:00:00.0005123" startTime="2025-07-06T11:03:06.5170782+00:00" endTime="2025-07-06T11:03:06.5176621+00:00" testType="13cdc9d9-ddb5-4fa4-a97d-d965ccfc6d4b" outcome="Passed" testListId="8c84fa94-04c1-424b-9868-57a2d4851a1d" relativeResultsDirectory="9fda3c8b-0cef-4851-91cb-ec001695ca43">
      <Output>
        <StdOut>[SqlMetadataService] Extracting tables from query: 44 chars
[SqlMetadataService] Clean SQL: SELECT * FROM users WHERE name LIKE '%John%'...
[SqlMetadataService] Pattern '\bFROM\s+(?:(?:\w+\.)?(\w+)|\[([^\]]+)\]|`([^`]+)`)(?:\s+(?:AS\s+)?(\w+))?' found 1 matches
[SqlMetadataService] Match: 'FROM users WHERE'
[SqlMetadataService] Found table: users
[SqlMetadataService] Pattern '\b(?:INNER\s+|LEFT\s+|RIGHT\s+|FULL\s+|OUTER\s+)?JOIN\s+(?:(?:\w+\.)?(\w+)|\[([^\]]+)\]|`([^`]+)`)(?:\s+(?:AS\s+)?(\w+))?' found 0 matches
[SqlMetadataService] Pattern '\bINTO\s+(?:(?:\w+\.)?(\w+)|\[([^\]]+)\]|`([^`]+)`)' found 0 matches
[SqlMetadataService] Pattern '\bUPDATE\s+(?:(?:\w+\.)?(\w+)|\[([^\]]+)\]|`([^`]+)`)' found 0 matches
[SqlMetadataService] Pattern '\bINSERT\s+INTO\s+(?:(?:\w+\.)?(\w+)|\[([^\]]+)\]|`([^`]+)`)' found 0 matches
[SqlMetadataService] Total tables extracted: 1 - users
JOIN Debug: Clean query = 'SELECT * FROM users WHERE name LIKE '%John%''
JOIN Debug: Pattern = '(?:INNER\s+|LEFT\s+|RIGHT\s+|FULL\s+|OUTER\s+)?JOIN\s+(\w+)\s+(\w+)\s+ON\s+([^()]+?)(?=\s+(?:INNER|LEFT|RIGHT|FULL|OUTER|WHERE|ORDER|GROUP|LIMIT|$)|$)'
JOIN Debug: Found 0 JOIN matches</StdOut>
      </Output>
    </UnitTestResult>
    <UnitTestResult executionId="7701793f-70f5-4657-ae90-49a56def1c98" testId="bdc6218b-2cc3-93bb-38e0-86e20726e46d" testName="Debug_GeminiAPICall_WithRateLimiting" computerName="cursor" duration="00:00:00.0011983" startTime="2025-07-06T10:57:03.5986858+00:00" endTime="2025-07-06T10:57:03.6000226+00:00" testType="13cdc9d9-ddb5-4fa4-a97d-d965ccfc6d4b" outcome="Passed" testListId="8c84fa94-04c1-424b-9868-57a2d4851a1d" relativeResultsDirectory="7701793f-70f5-4657-ae90-49a56def1c98">
      <Output>
        <StdOut>[DEBUG] GetApiKey() method called
[DEBUG] ConfigurationManager result: '' (length: 0)
[DEBUG] Environment variable result: '' (length: 0)
[DEBUG] Using HARDCODED API key for testing
[DEBUG] Gemini API Key configured: True
[DEBUG] API Key length: 39
[DEBUG] API Key preview: AIzaSyCsOz...
[DEBUG] Testing Gemini API call with rate limiting...
[DEBUG] GetApiKey() method called
[DEBUG] ConfigurationManager result: '' (length: 0)
[DEBUG] Environment variable result: '' (length: 0)
[DEBUG] Using HARDCODED API key for testing
[DEBUG] Using API key: AIzaSyCsOz...
[DEBUG] Testing AI service with rate limiting...
[DEBUG] Generation completed in 0.00 seconds
[DEBUG] Generated 1 records
[DEBUG] Record: name='TestVNEXTData_1'
[DEBUG] Rate limiting test completed successfully</StdOut>
      </Output>
    </UnitTestResult>
    <UnitTestResult executionId="d7634ace-f1b4-49d1-a1cc-8daf280b3117" testId="ac41b066-7e5e-ccde-36c5-33f94001f207" testName="ParseQuery_WhereEqualityWithNumbers_ShouldExtractCondition" computerName="cursor" duration="00:00:00.0005639" startTime="2025-07-06T11:03:06.5136696+00:00" endTime="2025-07-06T11:03:06.5142790+00:00" testType="13cdc9d9-ddb5-4fa4-a97d-d965ccfc6d4b" outcome="Passed" testListId="8c84fa94-04c1-424b-9868-57a2d4851a1d" relativeResultsDirectory="d7634ace-f1b4-49d1-a1cc-8daf280b3117">
      <Output>
        <StdOut>[SqlMetadataService] Extracting tables from query: 34 chars
[SqlMetadataService] Clean SQL: SELECT * FROM users WHERE age = 25...
[SqlMetadataService] Pattern '\bFROM\s+(?:(?:\w+\.)?(\w+)|\[([^\]]+)\]|`([^`]+)`)(?:\s+(?:AS\s+)?(\w+))?' found 1 matches
[SqlMetadataService] Match: 'FROM users WHERE'
[SqlMetadataService] Found table: users
[SqlMetadataService] Pattern '\b(?:INNER\s+|LEFT\s+|RIGHT\s+|FULL\s+|OUTER\s+)?JOIN\s+(?:(?:\w+\.)?(\w+)|\[([^\]]+)\]|`([^`]+)`)(?:\s+(?:AS\s+)?(\w+))?' found 0 matches
[SqlMetadataService] Pattern '\bINTO\s+(?:(?:\w+\.)?(\w+)|\[([^\]]+)\]|`([^`]+)`)' found 0 matches
[SqlMetadataService] Pattern '\bUPDATE\s+(?:(?:\w+\.)?(\w+)|\[([^\]]+)\]|`([^`]+)`)' found 0 matches
[SqlMetadataService] Pattern '\bINSERT\s+INTO\s+(?:(?:\w+\.)?(\w+)|\[([^\]]+)\]|`([^`]+)`)' found 0 matches
[SqlMetadataService] Total tables extracted: 1 - users
JOIN Debug: Clean query = 'SELECT * FROM users WHERE age = 25'
JOIN Debug: Pattern = '(?:INNER\s+|LEFT\s+|RIGHT\s+|FULL\s+|OUTER\s+)?JOIN\s+(\w+)\s+(\w+)\s+ON\s+([^()]+?)(?=\s+(?:INNER|LEFT|RIGHT|FULL|OUTER|WHERE|ORDER|GROUP|LIMIT|$)|$)'
JOIN Debug: Found 0 JOIN matches</StdOut>
      </Output>
    </UnitTestResult>
    <UnitTestResult executionId="fd55de70-5cf0-4f6d-a879-da901ae4b020" testId="d94c37bd-9528-f060-511c-4dfe1f44244d" testName="ExtractAllConstraints_WithComplexQuery_ShouldExtractAllTypes" computerName="cursor" duration="00:00:00.0016808" startTime="2025-07-06T10:57:02.2845288+00:00" endTime="2025-07-06T10:57:02.2862879+00:00" testType="13cdc9d9-ddb5-4fa4-a97d-d965ccfc6d4b" outcome="Passed" testListId="8c84fa94-04c1-424b-9868-57a2d4851a1d" relativeResultsDirectory="fd55de70-5cf0-4f6d-a879-da901ae4b020">
      <Output>
        <StdOut>[10:57:02 INF] Extracting comprehensive constraints from SQL query
[10:57:02 INF] Found WHERE clause: u.status = 'ACTIVE' AND u.age BETWEEN 25 AND 65 AND u.department IN ('HR', 'IT', 'Finance') AND u.email LIKE '%@company.com' AND u.salary &gt;= 50000 AND u.manager_id IS NOT NULL AND YEAR(u.hire_date) = 2023
[10:57:02 INF] Found WHERE equality with alias: u.status = 'ACTIVE'
[10:57:02 INF] Found WHERE comparison with alias: u.salary &gt;= '50000'
[10:57:02 INF] Processing JOIN: companies c ON u.company_id = c.id AND c.is_active = TRUE
[10:57:02 INF] Found JOIN additional constraint: c.is_active = 'TRUE'
[10:57:02 INF] Processing JOIN: user_roles ur ON u.id = ur.user_id AND ur.is_primary = 1
[10:57:02 INF] Found JOIN additional constraint: ur.is_primary = '1'
[10:57:02 INF] Processing JOIN: roles r ON ur.role_id = r.id
[10:57:02 INF] Found LIKE pattern with alias: u.email LIKE '%@company.com' (requires: '@company.com')
[10:57:02 INF] Found YEAR constraint: YEAR(u.hire_date) = 2023
[10:57:02 INF] Found BOOLEAN constraint with alias: c.is_active = TRUE
[10:57:02 INF] Found BOOLEAN constraint with alias: ur.is_primary = 1
[10:57:02 INF] Found IN clause: u.department IN (HR, IT, Finance) - Type: STRING_LIST
[10:57:02 INF] Found BETWEEN constraint: u.age BETWEEN '25' AND '65' - Type: NUMERIC
[10:57:02 INF] Found NOT NULL constraint: u.manager_id IS NOT NULL
[10:57:02 INF] Starting EXISTS constraints extraction with two-phase approach
[10:57:02 INF] Completed EXISTS constraints extraction: 0 NOT EXISTS, 0 EXISTS
[10:57:02 INF] Extracted 14 total constraints: 2 WHERE, 5 JOIN, 1 LIKE, 1 IN, 1 BETWEEN, 1 NULL, 0 EXISTS</StdOut>
      </Output>
    </UnitTestResult>
    <UnitTestResult executionId="8b33fddd-f50e-4abf-aa29-82025f04a768" testId="d58b23b9-e1a6-68ae-1268-135ff59cc20d" testName="GenerateBogusData_UserRoles_ShouldCreateUserRoleData" computerName="cursor" duration="00:00:00.0028070" startTime="2025-07-06T10:57:02.0475536+00:00" endTime="2025-07-06T10:57:02.0504648+00:00" testType="13cdc9d9-ddb5-4fa4-a97d-d965ccfc6d4b" outcome="Passed" testListId="8c84fa94-04c1-424b-9868-57a2d4851a1d" relativeResultsDirectory="8b33fddd-f50e-4abf-aa29-82025f04a768">
      <Output>
        <StdOut>[DEBUG] Table user_roles has 6 columns:
[DEBUG] Column: user_id, IsIdentity: False, IsGenerated: False, DefaultValue: ''
[DEBUG] Column: role_id, IsIdentity: False, IsGenerated: False, DefaultValue: ''
[DEBUG] Column: assigned_by, IsIdentity: False, IsGenerated: False, DefaultValue: ''
[DEBUG] Column: assigned_at, IsIdentity: False, IsGenerated: False, DefaultValue: ''
[DEBUG] Column: expires_at, IsIdentity: False, IsGenerated: False, DefaultValue: ''
[DEBUG] Column: is_active, IsIdentity: False, IsGenerated: False, DefaultValue: ''
[DEBUG-T021] Filtered columns for user_roles: 6 columns (from 6 total)
[DEBUG-T021] Excluded columns: 
[DEBUG-T021] Included columns: user_id, role_id, assigned_by, assigned_at, expires_at, is_active
[DATE-FALLBACK] user_roles.expires_at: Generated 2025-08-08 02:31:46 (within 60 days default)
[DEBUG] Boolean column detected: is_active (bit) -&gt; generating boolean
[DEBUG] Generated SQL for user_roles: INSERT INTO `user_roles` (`user_id`, `role_id`, `assigned_by`, `assigned_at`, `expires_at`, `is_active`) VALUES (2, 3, 5, '2024-11-11 22:21:35', '2025-08-08 02:31:46', 1);
[DATE-FALLBACK] user_roles.expires_at: Generated 2025-08-24 11:09:21 (within 60 days default)
[DEBUG] Boolean column detected: is_active (bit) -&gt; generating boolean
[DEBUG] Generated SQL for user_roles: INSERT INTO `user_roles` (`user_id`, `role_id`, `assigned_by`, `assigned_at`, `expires_at`, `is_active`) VALUES (3, 4, 1, '2025-01-11 08:55:03', '2025-08-24 11:09:21', 1);
[DATE-FALLBACK] user_roles.expires_at: Generated 2025-08-20 21:58:21 (within 60 days default)
[DEBUG] Boolean column detected: is_active (bit) -&gt; generating boolean
[DEBUG] Generated SQL for user_roles: INSERT INTO `user_roles` (`user_id`, `role_id`, `assigned_by`, `assigned_at`, `expires_at`, `is_active`) VALUES (4, 5, 2, '2025-06-28 16:03:12', '2025-08-20 21:58:21', 1);
[DATE-FALLBACK] user_roles.expires_at: Generated 2025-08-11 21:46:15 (within 60 days default)
[DEBUG] Boolean column detected: is_active (bit) -&gt; generating boolean
[DEBUG] Generated SQL for user_roles: INSERT INTO `user_roles` (`user_id`, `role_id`, `assigned_by`, `assigned_at`, `expires_at`, `is_active`) VALUES (5, 1, 3, '2025-03-08 02:05:35', '2025-08-11 21:46:15', 1);
[DATE-FALLBACK] user_roles.expires_at: Generated 2025-07-15 16:01:36 (within 60 days default)
[DEBUG] Boolean column detected: is_active (bit) -&gt; generating boolean
[DEBUG] Generated SQL for user_roles: INSERT INTO `user_roles` (`user_id`, `role_id`, `assigned_by`, `assigned_at`, `expires_at`, `is_active`) VALUES (1, 2, 4, '2025-06-21 23:58:30', '2025-07-15 16:01:36', 0);
Generated 5 user_role statements
UserRole: INSERT INTO `user_roles` (`user_id`, `role_id`, `assigned_by`, `assigned_at`, `expires_at`, `is_active`) VALUES (2, 3, 5, '2024-11-11 22:21:35', '2025...
UserRole: INSERT INTO `user_roles` (`user_id`, `role_id`, `assigned_by`, `assigned_at`, `expires_at`, `is_active`) VALUES (3, 4, 1, '2025-01-11 08:55:03', '2025...
UserRole: INSERT INTO `user_roles` (`user_id`, `role_id`, `assigned_by`, `assigned_at`, `expires_at`, `is_active`) VALUES (4, 5, 2, '2025-06-28 16:03:12', '2025...
UserRole: INSERT INTO `user_roles` (`user_id`, `role_id`, `assigned_by`, `assigned_at`, `expires_at`, `is_active`) VALUES (5, 1, 3, '2025-03-08 02:05:35', '2025...
UserRole: INSERT INTO `user_roles` (`user_id`, `role_id`, `assigned_by`, `assigned_at`, `expires_at`, `is_active`) VALUES (1, 2, 4, '2025-06-21 23:58:30', '2025...</StdOut>
      </Output>
    </UnitTestResult>
    <UnitTestResult executionId="a85e0401-8e3d-4d02-ba5d-87cf36275cd3" testId="91935916-0cd6-2247-f98b-684553fbf0fb" testName="ExtractExistsConstraints_MultipleWhitespaces_ShouldExtractCorrectly" computerName="cursor" duration="00:00:00.0012653" startTime="2025-07-06T11:01:03.8694023+00:00" endTime="2025-07-06T11:01:03.8707397+00:00" testType="13cdc9d9-ddb5-4fa4-a97d-d965ccfc6d4b" outcome="Passed" testListId="8c84fa94-04c1-424b-9868-57a2d4851a1d" relativeResultsDirectory="a85e0401-8e3d-4d02-ba5d-87cf36275cd3" />
    <UnitTestResult executionId="4837163d-ce79-4a86-9f62-c1b81c5aab58" testId="20ee9d7c-8101-2eda-002f-53ca537517d6" testName="GetConstraintsForColumn_WithSpecificColumn_ShouldReturnOnlyColumnConstraints" computerName="cursor" duration="00:00:00.0018227" startTime="2025-07-06T10:57:02.2998355+00:00" endTime="2025-07-06T10:57:02.3017563+00:00" testType="13cdc9d9-ddb5-4fa4-a97d-d965ccfc6d4b" outcome="Passed" testListId="8c84fa94-04c1-424b-9868-57a2d4851a1d" relativeResultsDirectory="4837163d-ce79-4a86-9f62-c1b81c5aab58">
      <Output>
        <StdOut>[10:57:02 INF] Extracting comprehensive constraints from SQL query
[10:57:02 INF] Found WHERE clause: e.department IN ('HR', 'IT') AND e.salary BETWEEN 50000 AND 100000
[10:57:02 INF] Found IN clause: e.department IN (HR, IT) - Type: STRING_LIST
[10:57:02 INF] Found BETWEEN constraint: e.salary BETWEEN '50000' AND '100000' - Type: NUMERIC
[...]
    <TestEntry testId="2e3a2884-35f6-a539-5e71-989f9d7d6414" executionId="9e9d7cd4-1840-43c5-a7ef-e7026300ba49" testListId="8c84fa94-04c1-424b-9868-57a2d4851a1d" />
    <TestEntry testId="fe50fae3-1b6d-c1e9-9f37-ae217b07f539" executionId="b00f39e2-ef9a-4139-8c4e-bc163ea300e3" testListId="8c84fa94-04c1-424b-9868-57a2d4851a1d" />
    <TestEntry testId="32052917-9976-f6c7-cfe6-55ea2ddeb7ed" executionId="d4bd2aaf-7381-45c1-a0b9-05444e39e3c2" testListId="8c84fa94-04c1-424b-9868-57a2d4851a1d" />
    <TestEntry testId="b093390d-92d9-0a60-9313-1f139744ab3d" executionId="234fa921-4594-4527-990c-0278f28c014e" testListId="8c84fa94-04c1-424b-9868-57a2d4851a1d" />
    <TestEntry testId="de22f4a7-8831-63d7-f688-faf32738999d" executionId="7ec34bfe-e916-486d-93e9-37e6a6975c3f" testListId="8c84fa94-04c1-424b-9868-57a2d4851a1d" />
    <TestEntry testId="ac906b8e-7608-0616-ce10-5e68b0415e31" executionId="9436e373-3c19-4a92-8063-91fca05a701e" testListId="8c84fa94-04c1-424b-9868-57a2d4851a1d" />
    <TestEntry testId="a9a3fdfb-fc6c-0289-9351-e1328a7a24c5" executionId="0f1cc5d7-989e-4f14-ba24-7d7d92c32464" testListId="8c84fa94-04c1-424b-9868-57a2d4851a1d" />
    <TestEntry testId="4b0fe614-589b-02cc-6add-321c3b0d4dcc" executionId="c71e9d2d-a23c-4913-8f83-2bab0fc51fbe" testListId="8c84fa94-04c1-424b-9868-57a2d4851a1d" />
    <TestEntry testId="50802662-e8e6-ff88-cc12-e3bd1b008cfd" executionId="c0997b37-9199-4d2e-96c1-5cd893c79060" testListId="8c84fa94-04c1-424b-9868-57a2d4851a1d" />
    <TestEntry testId="436739c8-ba41-3070-687c-7515da303711" executionId="4f431dac-65db-4ef3-81d1-01308999e8a5" testListId="8c84fa94-04c1-424b-9868-57a2d4851a1d" />
    <TestEntry testId="49b5ac08-67b7-9e8d-f8dd-3c80296ab249" executionId="3325aaa0-0437-4cc3-b86e-97b886a7750d" testListId="8c84fa94-04c1-424b-9868-57a2d4851a1d" />
    <TestEntry testId="be36ced7-63a2-b405-e092-a295f9f5f466" executionId="dbb360bd-a42a-4ea4-83cb-83fc313fcc6f" testListId="8c84fa94-04c1-424b-9868-57a2d4851a1d" />
    <TestEntry testId="a1c2a851-2b3c-da00-084b-1b2db17868fc" executionId="1aa5916f-b787-4d28-8e0d-ccc45c4266cd" testListId="8c84fa94-04c1-424b-9868-57a2d4851a1d" />
    <TestEntry testId="a3ac2347-e7bd-d1ae-5074-a17546db31bc" executionId="f9fe3fb0-d800-44b6-ab2d-de51aed3b3d0" testListId="8c84fa94-04c1-424b-9868-57a2d4851a1d" />
    <TestEntry testId="33c5568e-bbee-9fcd-f82b-149fcb93c6af" executionId="9f3f9a63-a8c1-4eee-a4c5-622d5f23c4f2" testListId="8c84fa94-04c1-424b-9868-57a2d4851a1d" />
    <TestEntry testId="dfaae416-13aa-b907-a01f-1695bbdfaf71" executionId="ba7c7421-3d0e-4dac-8b53-6d3c0a6e8471" testListId="8c84fa94-04c1-424b-9868-57a2d4851a1d" />
    <TestEntry testId="f41a6de3-78c5-2b8f-5956-6caff97ebdbf" executionId="487bb06a-4a13-4989-8d1e-84ca5db71da9" testListId="8c84fa94-04c1-424b-9868-57a2d4851a1d" />
    <TestEntry testId="f3efa36b-3e8e-e41d-23c1-29c1d865b7b2" executionId="d99c1612-5deb-4d8d-862f-9b277773f7c3" testListId="8c84fa94-04c1-424b-9868-57a2d4851a1d" />
    <TestEntry testId="1144c8a3-62a7-cc5f-27cf-4ae9d2e2115c" executionId="52df3dc6-d3d7-419a-835b-a00985e2e456" testListId="8c84fa94-04c1-424b-9868-57a2d4851a1d" />
    <TestEntry testId="dc686220-fa09-35e9-2ada-0340bb63d269" executionId="c185c429-7f78-4e61-830a-3ea0204d53dd" testListId="8c84fa94-04c1-424b-9868-57a2d4851a1d" />
    <TestEntry testId="b81a237f-143b-449c-73ca-baf838b13a21" executionId="ca637261-c74c-497f-b704-ef93971d14b2" testListId="8c84fa94-04c1-424b-9868-57a2d4851a1d" />
    <TestEntry testId="50debf66-da8c-a609-79d1-35e70ddebf83" executionId="47fda484-9b14-4f69-b15d-db05cfc22db1" testListId="8c84fa94-04c1-424b-9868-57a2d4851a1d" />
    <TestEntry testId="8d13d544-5f8f-925e-c535-770dd2454212" executionId="7a6cd104-879d-4e52-b8dc-9c10432fbbaf" testListId="8c84fa94-04c1-424b-9868-57a2d4851a1d" />
    <TestEntry testId="29c39ae5-9cce-1642-84cb-dfbfca4d141f" executionId="61720804-f4de-4ed3-ad49-b015085adcd2" testListId="8c84fa94-04c1-424b-9868-57a2d4851a1d" />
    <TestEntry testId="760b8c6c-883b-dc5b-32da-1ca02fa16c88" executionId="c7edc20e-0926-4ca9-b29e-015f0c18370a" testListId="8c84fa94-04c1-424b-9868-57a2d4851a1d" />
    <TestEntry testId="6c8fe354-0fbf-caad-5153-93da1c924108" executionId="8d661c3a-e878-412f-84e8-dfb441b4c7dd" testListId="8c84fa94-04c1-424b-9868-57a2d4851a1d" />
    <TestEntry testId="914ca81b-0b8a-18f3-24df-f3c71ef9cb98" executionId="62cb70f6-0b20-4843-9577-68252334d409" testListId="8c84fa94-04c1-424b-9868-57a2d4851a1d" />
    <TestEntry testId="56223bc0-c4e1-c666-e2df-cb845d303b68" executionId="b85d6f44-ccd7-4d3c-a63f-7ecb8cccfe5c" testListId="8c84fa94-04c1-424b-9868-57a2d4851a1d" />
    <TestEntry testId="cff95060-9a70-96c1-ba36-b42d05db42bf" executionId="7c99807c-d933-454a-a151-f5be229ff4d6" testListId="8c84fa94-04c1-424b-9868-57a2d4851a1d" />
    <TestEntry testId="fb448c11-0f7f-5b00-42aa-f078814d3bca" executionId="dde74f9c-d44d-4084-a8df-b9c853e0d6c3" testListId="8c84fa94-04c1-424b-9868-57a2d4851a1d" />
    <TestEntry testId="ff704aa0-e144-9fd1-6bac-09fc4a255f36" executionId="e60ca16f-c137-4ebb-9417-6270f9e1ec5e" testListId="8c84fa94-04c1-424b-9868-57a2d4851a1d" />
    <TestEntry testId="1c090018-b67e-4cd0-3181-0f61bd7ea682" executionId="6948ef7b-cbac-4fbe-9364-78c4204ca75a" testListId="8c84fa94-04c1-424b-9868-57a2d4851a1d" />
    <TestEntry testId="46c9deed-d042-bb83-cb94-fc7b86558a4f" executionId="88b443d0-c82b-44d8-8e05-30cb6c84e699" testListId="8c84fa94-04c1-424b-9868-57a2d4851a1d" />
    <TestEntry testId="7d12d01e-dee5-0e97-3f0b-9d5358bf1a9d" executionId="a4cfa5c0-32c2-410c-b3c5-f94a9a151164" testListId="8c84fa94-04c1-424b-9868-57a2d4851a1d" />
    <TestEntry testId="cfa4458e-912b-84e4-7950-bc08d42037b2" executionId="1c57dc5b-2064-4528-b9f7-ddef3e258189" testListId="8c84fa94-04c1-424b-9868-57a2d4851a1d" />
    <TestEntry testId="de2148e8-fb9e-8b47-4b81-491d8235a8ac" executionId="3e385a55-e3fb-4917-bc96-f9ea261e5ba6" testListId="8c84fa94-04c1-424b-9868-57a2d4851a1d" />
    <TestEntry testId="cb5bffe8-1b8a-0d8d-5a3f-e1ad0ad5499c" executionId="9d420289-682a-4f0f-b978-2e85f67dc643" testListId="8c84fa94-04c1-424b-9868-57a2d4851a1d" />
    <TestEntry testId="e42d574f-37e1-f5cf-4f56-2ca52ebfaa46" executionId="31853410-f566-44c6-9211-05539b730e3c" testListId="8c84fa94-04c1-424b-9868-57a2d4851a1d" />
    <TestEntry testId="f718a06e-91df-1e49-9317-91d0e283ac3b" executionId="774ddf02-0583-4a6b-b061-3eb0a5cbd7eb" testListId="8c84fa94-04c1-424b-9868-57a2d4851a1d" />
    <TestEntry testId="866b0d3a-b4e9-b29d-5399-970cdfc928ee" executionId="d0030a3e-76b6-4cc9-9976-bed626863931" testListId="8c84fa94-04c1-424b-9868-57a2d4851a1d" />
    <TestEntry testId="0c9b3b0d-f01b-6247-7450-dcba24b5eb70" executionId="dd430bea-b873-453e-a041-b1871df79548" testListId="8c84fa94-04c1-424b-9868-57a2d4851a1d" />
    <TestEntry testId="8599cba4-e5d8-56d3-7d02-da5179df2128" executionId="9100e40c-2b61-4cb0-bb0b-ee867cf6b4ed" testListId="8c84fa94-04c1-424b-9868-57a2d4851a1d" />
    <TestEntry testId="bc5324e6-bb6a-ee73-021c-bdeb249f570a" executionId="3a3fdaa7-526d-4cf8-88ed-5375b190a20e" testListId="8c84fa94-04c1-424b-9868-57a2d4851a1d" />
    <TestEntry testId="b3b940d3-9e45-ea47-3b09-97145cecb2a3" executionId="c5b387f3-c181-432e-b60e-6c6713db41b4" testListId="8c84fa94-04c1-424b-9868-57a2d4851a1d" />
    <TestEntry testId="4faffafa-f6dd-cf6d-8efc-478e6d6bdbf6" executionId="95dc5c83-df82-4fdb-81d4-ac23e703bd5f" testListId="8c84fa94-04c1-424b-9868-57a2d4851a1d" />
    <TestEntry testId="f388ddf8-0caa-9128-127b-a49ab07dbc5a" executionId="b0488d8b-2067-4700-9532-9277b5a54154" testListId="8c84fa94-04c1-424b-9868-57a2d4851a1d" />
    <TestEntry testId="a2a23d28-9ccb-7b78-624f-a33453cfdb3c" executionId="3d3ce53b-2182-4682-8820-1c84bddfd083" testListId="8c84fa94-04c1-424b-9868-57a2d4851a1d" />
    <TestEntry testId="c3d5ba8f-0448-b059-a097-c2b045cc8185" executionId="a4be48b4-5598-4809-bc3c-bd7bd05b7670" testListId="8c84fa94-04c1-424b-9868-57a2d4851a1d" />
    <TestEntry testId="68ffb8d5-c832-0bdb-ccdf-f2c0712818bc" executionId="b05640f5-afcb-4459-85ac-694645e65bb9" testListId="8c84fa94-04c1-424b-9868-57a2d4851a1d" />
    <TestEntry testId="1aa96349-b7cc-39a6-ef2d-1bc94162083b" executionId="f4e3e9bb-2d04-4a10-833f-669f41d91f8d" testListId="8c84fa94-04c1-424b-9868-57a2d4851a1d" />
    <TestEntry testId="8297bd83-583e-3f19-5a11-4d86695f0918" executionId="f691ef88-2838-4a5b-83bf-ab71c317a606" testListId="8c84fa94-04c1-424b-9868-57a2d4851a1d" />
    <TestEntry testId="23cc72f6-1284-a2ea-98e9-9489eed12fa1" executionId="74cb33d1-9303-4377-a6dc-42611bb7964d" testListId="8c84fa94-04c1-424b-9868-57a2d4851a1d" />
    <TestEntry testId="4c428cc8-3af4-6e55-220b-111a2265bce0" executionId="5988d45e-8023-4583-91ca-02e2fc15c8fb" testListId="8c84fa94-04c1-424b-9868-57a2d4851a1d" />
    <TestEntry testId="8e2e17a0-7a7d-b886-35e3-73304fb181bd" executionId="44b599c2-8f45-451b-bf3d-979af130eabf" testListId="8c84fa94-04c1-424b-9868-57a2d4851a1d" />
    <TestEntry testId="3da2210e-7b6e-efa8-78ab-3f603d2cd027" executionId="78cea21e-842b-434b-b51f-da27e80777f4" testListId="8c84fa94-04c1-424b-9868-57a2d4851a1d" />
    <TestEntry testId="421a5565-ddc6-10fa-8d73-07739fee5ff0" executionId="4f3a43ee-4682-4209-af7f-9de608ec73f3" testListId="8c84fa94-04c1-424b-9868-57a2d4851a1d" />
    <TestEntry testId="2961e15a-0a3d-3b2e-3f18-6eafe65af0cf" executionId="99541d1a-9d81-483d-85b0-ca5369b57ef9" testListId="8c84fa94-04c1-424b-9868-57a2d4851a1d" />
    <TestEntry testId="1cb42ef4-060e-402a-1304-dbbc4f14f5c3" executionId="9a0bacab-9184-4593-936d-737279a895e7" testListId="8c84fa94-04c1-424b-9868-57a2d4851a1d" />
    <TestEntry testId="90be9f3f-f7e8-5087-dcab-84ab99d22feb" executionId="45fe73aa-b22c-4da0-a6f2-8e6a1221b5cb" testListId="8c84fa94-04c1-424b-9868-57a2d4851a1d" />
    <TestEntry testId="4d0c6d38-bd12-6bbb-d3b6-600299f706cd" executionId="c874f550-6b8c-4105-802f-a88945a09c90" testListId="8c84fa94-04c1-424b-9868-57a2d4851a1d" />
    <TestEntry testId="4f82a6c9-7939-1c4e-f9ef-b71164866bfd" executionId="df281ceb-d6cf-4e6b-80dd-8e657ed03935" testListId="8c84fa94-04c1-424b-9868-57a2d4851a1d" />
    <TestEntry testId="14d87284-5071-f880-5b2b-ddbe92bfcff3" executionId="61a83ddb-14c9-4018-a090-686e983bd438" testListId="8c84fa94-04c1-424b-9868-57a2d4851a1d" />
    <TestEntry testId="3aedb538-9959-6d5e-04af-0c2cfee7284b" executionId="3307442d-792d-463c-895d-d7a4843f0a72" testListId="8c84fa94-04c1-424b-9868-57a2d4851a1d" />
    <TestEntry testId="c14fc3b8-bc44-a128-3b0c-52c2da94b6d9" executionId="8caf1976-5b48-4b6b-a661-1bb4066ec1b0" testListId="8c84fa94-04c1-424b-9868-57a2d4851a1d" />
    <TestEntry testId="2fa55c7d-005e-6918-5d22-2aa304fbd3ea" executionId="516a48bd-fa6a-4735-8053-75307369c926" testListId="8c84fa94-04c1-424b-9868-57a2d4851a1d" />
    <TestEntry testId="13133e83-ddb6-06e7-5855-8b90ef2b579a" executionId="63e5be95-1b31-4cb9-ba63-a6cb6079beac" testListId="8c84fa94-04c1-424b-9868-57a2d4851a1d" />
    <TestEntry testId="423c4f37-64a8-ef35-39db-e60b85768eb5" executionId="08ddf405-5fd1-453e-b3d5-6762f72690b4" testListId="8c84fa94-04c1-424b-9868-57a2d4851a1d" />
    <TestEntry testId="2acdce03-4502-c064-9941-04cc0d8bb0ed" executionId="2012193f-5435-46be-b374-80c63f0c36a4" testListId="8c84fa94-04c1-424b-9868-57a2d4851a1d" />
    <TestEntry testId="f44ee653-06d8-88fd-5d52-7ca3b54ee5e5" executionId="de1a4c6d-4792-449e-babf-1976f6a10246" testListId="8c84fa94-04c1-424b-9868-57a2d4851a1d" />
    <TestEntry testId="d35ae7fa-bd41-8e33-426d-126198b0fc12" executionId="4ccd8eaf-6722-453b-bc79-231ff114341e" testListId="8c84fa94-04c1-424b-9868-57a2d4851a1d" />
    <TestEntry testId="051de0c9-b5ab-37e8-a17e-4a0a2016e964" executionId="8c508bc5-de7c-481e-925b-1ce8b1d98989" testListId="8c84fa94-04c1-424b-9868-57a2d4851a1d" />
    <TestEntry testId="b921dbe5-c96f-5732-982c-eb4ed8e2a56f" executionId="f1c5e0cf-85a8-42dc-9bbf-ecba1809deac" testListId="8c84fa94-04c1-424b-9868-57a2d4851a1d" />
    <TestEntry testId="ebcc226a-d4d6-e04f-6a23-b323c4d35009" executionId="c8be61e6-e95c-48ab-97e0-e299a25df061" testListId="8c84fa94-04c1-424b-9868-57a2d4851a1d" />
    <TestEntry testId="68f3e440-4885-c4c9-72f3-92ff5e100405" executionId="f7cf297a-2db3-4a18-9b4f-5885ba287750" testListId="8c84fa94-04c1-424b-9868-57a2d4851a1d" />
    <TestEntry testId="2d90bc88-284c-4518-b015-0b8170209597" executionId="224dabf3-19f4-493e-82d2-334ce1e76a98" testListId="8c84fa94-04c1-424b-9868-57a2d4851a1d" />
    <TestEntry testId="87d98090-fa30-9a96-a551-3b4155dfeb29" executionId="b516cfef-c764-4d0a-b940-9398d78e072d" testListId="8c84fa94-04c1-424b-9868-57a2d4851a1d" />
    <TestEntry testId="740c4fe7-4711-43c3-3c3e-334cc4c70bd0" executionId="c4327f57-fcf4-4610-9e9b-19e3b2d67063" testListId="8c84fa94-04c1-424b-9868-57a2d4851a1d" />
    <TestEntry testId="1e311d18-bf3e-0cda-a43b-18e57c0d874e" executionId="ca6346b8-aab2-4d96-bda4-f26ee40f5234" testListId="8c84fa94-04c1-424b-9868-57a2d4851a1d" />
    <TestEntry testId="821e93c5-ab9f-adf8-f7bc-0ff221a7796a" executionId="d392a566-5d50-420a-990e-c011697c5cba" testListId="8c84fa94-04c1-424b-9868-57a2d4851a1d" />
    <TestEntry testId="1c9b3d7e-c6b0-eec5-53ac-d68181425b43" executionId="81bd9eba-ae32-497b-99b6-741993812fef" testListId="8c84fa94-04c1-424b-9868-57a2d4851a1d" />
    <TestEntry testId="84550a56-94ea-5c8e-aade-b9aebae6e28a" executionId="34ed5804-9f78-42fd-84fb-506509e3e640" testListId="8c84fa94-04c1-424b-9868-57a2d4851a1d" />
    <TestEntry testId="7e2bc572-ab64-60fb-b05f-959acda39dc2" executionId="7ab6060f-0213-4f19-ae0e-016930acc0df" testListId="8c84fa94-04c1-424b-9868-57a2d4851a1d" />
    <TestEntry testId="32e944a3-567c-3548-b7a9-d08caf3da627" executionId="abf324ca-e315-4504-a1b5-352f6e24ef03" testListId="8c84fa94-04c1-424b-9868-57a2d4851a1d" />
    <TestEntry testId="139f964d-2ed3-9b03-c583-30ed1c65c31c" executionId="e3fec467-7e9a-435c-bad4-f5e2da1ce467" testListId="8c84fa94-04c1-424b-9868-57a2d4851a1d" />
    <TestEntry testId="ad397400-55a5-7e01-684f-84fbfd323ba8" executionId="cfb42647-795c-47de-8c97-b1d9013aa402" testListId="8c84fa94-04c1-424b-9868-57a2d4851a1d" />
    <TestEntry testId="dfafb6b7-ec58-5275-3925-c481cdb7a34a" executionId="b119550f-613d-48c5-a89a-8fd4d42a9a8a" testListId="8c84fa94-04c1-424b-9868-57a2d4851a1d" />
    <TestEntry testId="1e0cca3b-ca0b-0a7f-a62a-a76fda7ff72a" executionId="e6ac5750-e8e2-4958-810c-c79f180066c0" testListId="8c84fa94-04c1-424b-9868-57a2d4851a1d" />
    <TestEntry testId="29d4bc57-5870-c7dc-b85d-667b481ded6c" executionId="19e2bce4-2134-4a4d-8932-200254235fd6" testListId="8c84fa94-04c1-424b-9868-57a2d4851a1d" />
    <TestEntry testId="03c035d2-b594-de46-1c22-55fd252fe9a7" executionId="a0377e3d-0383-4f19-9d3b-b8a134dcd09e" testListId="8c84fa94-04c1-424b-9868-57a2d4851a1d" />
    <TestEntry testId="fefd0340-8d73-0ac1-2fb2-b6681d23ead9" executionId="54e36b28-a38b-423d-b625-434ef3f87646" testListId="8c84fa94-04c1-424b-9868-57a2d4851a1d" />
    <TestEntry testId="2f6d1052-3d37-17db-b801-40306c640428" executionId="bffa0fda-5577-4092-aa44-763121fd1732" testListId="8c84fa94-04c1-424b-9868-57a2d4851a1d" />
    <TestEntry testId="470a0bfe-993f-05df-1d10-a213d08a730a" executionId="a649994a-42f1-467f-a416-69b4fddf76fb" testListId="8c84fa94-04c1-424b-9868-57a2d4851a1d" />
    <TestEntry testId="9156e5ae-757c-4d5f-9321-7cef7c8ae534" executionId="cf556049-ec6d-4437-8ded-5118b46a9248" testListId="8c84fa94-04c1-424b-9868-57a2d4851a1d" />
    <TestEntry testId="a47e926a-7ce2-0f09-babb-322e9f60373e" executionId="b3bee123-b3eb-4402-92f2-68531d59dc3d" testListId="8c84fa94-04c1-424b-9868-57a2d4851a1d" />
    <TestEntry testId="782553cb-21f7-84ee-e145-2339af4a7fb8" executionId="d4f749e9-9687-4e3c-9cad-78f313310cd1" testListId="8c84fa94-04c1-424b-9868-57a2d4851a1d" />
    <TestEntry testId="1cc1fb92-e16d-82c2-933a-f52034eb3af8" executionId="cccfb7d7-5e48-4c3a-ae0c-7e48e07b5af9" testListId="8c84fa94-04c1-424b-9868-57a2d4851a1d" />
    <TestEntry testId="87db66e8-3797-2582-a71f-466884f912da" executionId="7a19e5cb-5155-432e-b761-15c48ae86e05" testListId="8c84fa94-04c1-424b-9868-57a2d4851a1d" />
    <TestEntry testId="6f75d98a-bfe6-3583-9772-f6c9d7fc53a6" executionId="ffface09-932f-4bf1-b03a-2d54e7513e2d" testListId="8c84fa94-04c1-424b-9868-57a2d4851a1d" />
    <TestEntry testId="4910f641-4998-8515-a7d2-a2f20f653df7" executionId="01d6c1de-b07c-4b32-8e1f-9eec98598cf2" testListId="8c84fa94-04c1-424b-9868-57a2d4851a1d" />
    <TestEntry testId="2ecdc9b2-a817-8237-c422-4f63f0d355d8" executionId="8755a014-3339-4d0d-a794-77c2ee46df0c" testListId="8c84fa94-04c1-424b-9868-57a2d4851a1d" />
    <TestEntry testId="b625b9c7-136a-f400-db5f-f7386e06c9f3" executionId="63875ac4-3bb6-43bc-a9ab-d41168099eb2" testListId="8c84fa94-04c1-424b-9868-57a2d4851a1d" />
    <TestEntry testId="73b4e0f6-cf3c-19a3-0ea6-75f4d1acac05" executionId="5b528287-50ee-4ec0-83a2-37f469b54498" testListId="8c84fa94-04c1-424b-9868-57a2d4851a1d" />
    <TestEntry testId="08b6ce0a-2ce9-b04e-8168-c06998ed03af" executionId="d0a706e6-c3a9-408a-9307-d39e8998a797" testListId="8c84fa94-04c1-424b-9868-57a2d4851a1d" />
    <TestEntry testId="c6fc10ce-1b8c-db5d-82b8-35ec909d3152" executionId="6da48fc9-f66b-4cda-bea8-0bc611b64f97" testListId="8c84fa94-04c1-424b-9868-57a2d4851a1d" />
    <TestEntry testId="f923bec6-3c0e-bda5-5e19-b629ccceef3f" executionId="76100e16-125e-4ba3-ab64-127c13a81e65" testListId="8c84fa94-04c1-424b-9868-57a2d4851a1d" />
    <TestEntry testId="d4ded20d-d3b9-1442-571c-f7dc6b78c680" executionId="d225720a-e74e-4098-9663-e621b31a1ec8" testListId="8c84fa94-04c1-424b-9868-57a2d4851a1d" />
    <TestEntry testId="7abc8d24-30d3-d6e8-72dd-cc35953c0c69" executionId="b54a3a69-afd6-41e5-a6dd-216880c1b33d" testListId="8c84fa94-04c1-424b-9868-57a2d4851a1d" />
    <TestEntry testId="4a6b38d9-9cf7-4db2-da35-a8b63d506daa" executionId="988eca9b-984a-4409-81bc-7b8215008185" testListId="8c84fa94-04c1-424b-9868-57a2d4851a1d" />
    <TestEntry testId="181dabdf-6994-9cd1-332b-f3a238c352e6" executionId="e133febe-c8d7-4c5c-8202-b91a453effeb" testListId="8c84fa94-04c1-424b-9868-57a2d4851a1d" />
    <TestEntry testId="78800cf4-c501-8eb0-8d10-d522b560fff2" executionId="1733f63f-4314-420a-b805-05040f612e6b" testListId="8c84fa94-04c1-424b-9868-57a2d4851a1d" />
    <TestEntry testId="1fb00485-e7e0-f10c-e5ab-349cf56d0767" executionId="6bd5df5f-147c-40be-b86f-b3240710c347" testListId="8c84fa94-04c1-424b-9868-57a2d4851a1d" />
    <TestEntry testId="fcb2ca1e-19a6-4e0c-9949-28148335f239" executionId="bd9baecf-dab2-4d46-b4b9-9fc2dd5ee0a3" testListId="8c84fa94-04c1-424b-9868-57a2d4851a1d" />
    <TestEntry testId="945c5a29-a83a-bb9e-d813-f6a456412c4c" executionId="0bd46ccd-8d9c-482e-a817-ec36d591dc56" testListId="8c84fa94-04c1-424b-9868-57a2d4851a1d" />
    <TestEntry testId="a8c55508-0818-7079-489b-cfa127cdf6c5" executionId="275b5f7d-8dae-4108-a75e-d958a1244995" testListId="8c84fa94-04c1-424b-9868-57a2d4851a1d" />
    <TestEntry testId="e180762e-d5f1-31a1-a39f-da1a238da0a2" executionId="5da01556-7fe4-45b6-baf1-451eb2e5dc59" testListId="8c84fa94-04c1-424b-9868-57a2d4851a1d" />
  </TestEntries>
  <TestLists>
    <TestList name="Results Not in a List" id="8c84fa94-04c1-424b-9868-57a2d4851a1d" />
    <TestList name="All Loaded Results" id="19431567-8539-422a-85d7-44ee4e166bda" />
  </TestLists>
  <ResultSummary outcome="Failed">
    <Counters total="232" executed="232" passed="208" failed="24" error="0" timeout="0" aborted="0" inconclusive="0" passedButRunAborted="0" notRunnable="0" notExecuted="0" disconnected="0" warning="0" completed="0" inProgress="0" pending="0" />
    <CollectorDataEntries>
      <Collector agentName="cursor" uri="datacollector://microsoft/CoverletCodeCoverage/1.0" collectorDisplayName="XPlat code coverage">
        <UriAttachments>
          <UriAttachment>
            <A href="cursor/coverage.cobertura.xml"></A>
          </UriAttachment>
        </UriAttachments>
      </Collector>
    </CollectorDataEntries>
  </ResultSummary>
</TestRun>